{"meta": {"format": 3, "version": "7.10.7", "timestamp": "2025-09-30T19:01:44.354363", "branch_coverage": true, "show_contexts": false}, "files": {"chatmock\\__init__.py": {"executed_lines": [1, 9, 11, 13, 16], "summary": {"covered_lines": 3, "num_statements": 3, "percent_covered": 100.0, "percent_covered_display": "100", "missing_lines": 0, "excluded_lines": 6, "num_branches": 0, "num_partial_branches": 0, "covered_branches": 0, "missing_branches": 0}, "missing_lines": [], "excluded_lines": [16, 17, 18, 19, 20, 21], "executed_branches": [], "missing_branches": [], "functions": {"__getattr__": {"executed_lines": [], "summary": {"covered_lines": 0, "num_statements": 0, "percent_covered": 100.0, "percent_covered_display": "100", "missing_lines": 0, "excluded_lines": 5, "num_branches": 0, "num_partial_branches": 0, "covered_branches": 0, "missing_branches": 0}, "missing_lines": [], "excluded_lines": [17, 18, 19, 20, 21], "executed_branches": [], "missing_branches": []}, "": {"executed_lines": [1, 9, 11, 13, 16], "summary": {"covered_lines": 3, "num_statements": 3, "percent_covered": 100.0, "percent_covered_display": "100", "missing_lines": 0, "excluded_lines": 1, "num_branches": 0, "num_partial_branches": 0, "covered_branches": 0, "missing_branches": 0}, "missing_lines": [], "excluded_lines": [16], "executed_branches": [], "missing_branches": []}}, "classes": {"": {"executed_lines": [1, 9, 11, 13, 16], "summary": {"covered_lines": 3, "num_statements": 3, "percent_covered": 100.0, "percent_covered_display": "100", "missing_lines": 0, "excluded_lines": 6, "num_branches": 0, "num_partial_branches": 0, "covered_branches": 0, "missing_branches": 0}, "missing_lines": [], "excluded_lines": [16, 17, 18, 19, 20, 21], "executed_branches": [], "missing_branches": []}}}, "chatmock\\app.py": {"executed_lines": [1, 3, 5, 7, 8, 9, 10, 13, 24, 26, 38, 39, 40, 41, 43, 44, 45, 46, 47, 49, 50, 52], "summary": {"covered_lines": 21, "num_statements": 21, "percent_covered": 100.0, "percent_covered_display": "100", "missing_lines": 0, "excluded_lines": 0, "num_branches": 2, "num_partial_branches": 0, "covered_branches": 2, "missing_branches": 0}, "missing_lines": [], "excluded_lines": [], "executed_branches": [[45, 46], [45, 47]], "missing_branches": [], "functions": {"create_app": {"executed_lines": [24, 26, 38, 39, 40, 43, 44, 49, 50, 52], "summary": {"covered_lines": 10, "num_statements": 10, "percent_covered": 100.0, "percent_covered_display": "100", "missing_lines": 0, "excluded_lines": 0, "num_branches": 0, "num_partial_branches": 0, "covered_branches": 0, "missing_branches": 0}, "missing_lines": [], "excluded_lines": [], "executed_branches": [], "missing_branches": []}, "create_app.health": {"executed_lines": [41], "summary": {"covered_lines": 1, "num_statements": 1, "percent_covered": 100.0, "percent_covered_display": "100", "missing_lines": 0, "excluded_lines": 0, "num_branches": 0, "num_partial_branches": 0, "covered_branches": 0, "missing_branches": 0}, "missing_lines": [], "excluded_lines": [], "executed_branches": [], "missing_branches": []}, "create_app._cors": {"executed_lines": [45, 46, 47], "summary": {"covered_lines": 3, "num_statements": 3, "percent_covered": 100.0, "percent_covered_display": "100", "missing_lines": 0, "excluded_lines": 0, "num_branches": 2, "num_partial_branches": 0, "covered_branches": 2, "missing_branches": 0}, "missing_lines": [], "excluded_lines": [], "executed_branches": [[45, 46], [45, 47]], "missing_branches": []}, "": {"executed_lines": [1, 3, 5, 7, 8, 9, 10, 13], "summary": {"covered_lines": 7, "num_statements": 7, "percent_covered": 100.0, "percent_covered_display": "100", "missing_lines": 0, "excluded_lines": 0, "num_branches": 0, "num_partial_branches": 0, "covered_branches": 0, "missing_branches": 0}, "missing_lines": [], "excluded_lines": [], "executed_branches": [], "missing_branches": []}}, "classes": {"": {"executed_lines": [1, 3, 5, 7, 8, 9, 10, 13, 24, 26, 38, 39, 40, 41, 43, 44, 45, 46, 47, 49, 50, 52], "summary": {"covered_lines": 21, "num_statements": 21, "percent_covered": 100.0, "percent_covered_display": "100", "missing_lines": 0, "excluded_lines": 0, "num_branches": 2, "num_partial_branches": 0, "covered_branches": 2, "missing_branches": 0}, "missing_lines": [], "excluded_lines": [], "executed_branches": [[45, 46], [45, 47]], "missing_branches": []}}}, "chatmock\\cli.py": {"executed_lines": [1, 3, 5, 6, 7, 8, 9, 10, 11, 12, 13, 14, 16, 19, 20, 21, 22, 23, 25, 26, 27, 28, 31, 32, 33, 34, 35, 36, 39, 40, 41, 42, 43, 45, 46, 47, 48, 49, 50, 51, 54, 55, 56, 57, 58, 60, 61, 62, 64, 65, 67, 68, 74, 76, 79, 80, 81, 82, 83, 84, 85, 86, 89, 91, 94, 95, 96, 97, 98, 99, 100, 101, 102, 103, 104, 105, 106, 107, 108, 109, 110, 111, 112, 113, 114, 115, 116, 117, 118, 121, 122, 123, 124, 125, 126, 127, 128, 129, 130, 131, 132, 133, 134, 135, 136, 137, 138, 139, 140, 141, 142, 143, 146, 147, 148, 149, 152, 153, 155, 157, 158, 159, 160, 162, 163, 164, 166, 167, 168, 169, 170, 172, 173, 174, 175, 177, 178, 179, 181, 182, 183, 184, 186, 187, 188, 190, 191, 195, 196, 198, 199, 200, 201, 202, 203, 204, 205, 207, 210, 212, 213, 214, 215, 216, 218, 219, 220, 227, 228, 229, 230, 231, 233, 234, 235, 236, 237, 238, 239, 240, 241, 243, 244, 245, 249, 250, 251, 253, 254, 255, 256, 257, 258, 259, 260, 261, 262, 263, 264, 265, 266, 267, 268, 269, 270, 271, 272, 274, 275, 276, 277, 278, 279, 280, 282, 283, 284, 285, 286, 287, 289, 290, 291, 294, 307, 317, 318, 321, 323, 324, 326, 327, 330, 332, 333, 334, 335, 336, 342, 348, 354, 363, 373, 379, 380, 382, 384, 385, 386, 387, 400, 401, 402, 403, 404, 405, 406, 407, 408, 409, 410, 411, 412, 414, 415, 417, 418, 421, 428, 432, 433, 434, 435, 436, 437, 438, 439, 440, 442, 445, 446], "summary": {"covered_lines": 279, "num_statements": 279, "percent_covered": 100.0, "percent_covered_display": "100", "missing_lines": 0, "excluded_lines": 2, "num_branches": 88, "num_partial_branches": 0, "covered_branches": 88, "missing_branches": 0}, "missing_lines": [], "excluded_lines": [16, 17], "executed_branches": [[45, 46], [45, 47], [47, 48], [47, 49], [49, 50], [49, 51], [61, 62], [61, 64], [67, 68], [67, 74], [80, 81], [80, 82], [82, 83], [82, 84], [84, 85], [84, 86], [95, 96], [95, 97], [101, 102], [101, 103], [108, 109], [108, 110], [110, 111], [110, 112], [112, 113], [112, 114], [114, 115], [114, 116], [116, 117], [116, 118], [122, 123], [122, 124], [133, 134], [133, 135], [135, 136], [135, 137], [137, 138], [137, 139], [139, 140], [139, 141], [141, 142], [141, 143], [157, 158], [157, 162], [167, 168], [167, 169], [169, 170], [169, 172], [172, 173], [172, 177], [177, 178], [177, 207], [178, 179], [178, 181], [198, 199], [198, 201], [201, 202], [201, 203], [203, 204], [214, 215], [214, 218], [229, 230], [229, 231], [236, 237], [236, 241], [250, 251], [250, 253], [257, 258], [257, 260], [260, 261], [260, 263], [270, 271], [270, 274], [384, 385], [384, 386], [386, 387], [386, 400], [400, 401], [400, 442], [402, 403], [402, 405], [406, 407], [406, 414], [436, 437], [436, 438], [445, -1], [445, 446]], "missing_branches": [], "functions": {"_clamp_percent": {"executed_lines": [40, 41, 42, 43, 45, 46, 47, 48, 49, 50, 51], "summary": {"covered_lines": 11, "num_statements": 11, "percent_covered": 100.0, "percent_covered_display": "100", "missing_lines": 0, "excluded_lines": 0, "num_branches": 6, "num_partial_branches": 0, "covered_branches": 6, "missing_branches": 0}, "missing_lines": [], "excluded_lines": [], "executed_branches": [[45, 46], [45, 47], [47, 48], [47, 49], [49, 50], [49, 51]], "missing_branches": []}, "_render_progress_bar": {"executed_lines": [55, 56, 57, 58, 60, 61, 62, 64, 65, 67, 68, 74, 76], "summary": {"covered_lines": 13, "num_statements": 13, "percent_covered": 100.0, "percent_covered_display": "100", "missing_lines": 0, "excluded_lines": 0, "num_branches": 4, "num_partial_branches": 0, "covered_branches": 4, "missing_branches": 0}, "missing_lines": [], "excluded_lines": [], "executed_branches": [[61, 62], [61, 64], [67, 68], [67, 74]], "missing_branches": []}, "_get_usage_color": {"executed_lines": [80, 81, 82, 83, 84, 85, 86], "summary": {"covered_lines": 7, "num_statements": 7, "percent_covered": 100.0, "percent_covered_display": "100", "missing_lines": 0, "excluded_lines": 0, "num_branches": 6, "num_partial_branches": 0, "covered_branches": 6, "missing_branches": 0}, "missing_lines": [], "excluded_lines": [], "executed_branches": [[80, 81], [80, 82], [82, 83], [82, 84], [84, 85], [84, 86]], "missing_branches": []}, "_reset_color": {"executed_lines": [91], "summary": {"covered_lines": 1, "num_statements": 1, "percent_covered": 100.0, "percent_covered_display": "100", "missing_lines": 0, "excluded_lines": 0, "num_branches": 0, "num_partial_branches": 0, "covered_branches": 0, "missing_branches": 0}, "missing_lines": [], "excluded_lines": [], "executed_branches": [], "missing_branches": []}, "_format_window_duration": {"executed_lines": [95, 96, 97, 98, 99, 100, 101, 102, 103, 104, 105, 106, 107, 108, 109, 110, 111, 112, 113, 114, 115, 116, 117, 118], "summary": {"covered_lines": 24, "num_statements": 24, "percent_covered": 100.0, "percent_covered_display": "100", "missing_lines": 0, "excluded_lines": 0, "num_branches": 14, "num_partial_branches": 0, "covered_branches": 14, "missing_branches": 0}, "missing_lines": [], "excluded_lines": [], "executed_branches": [[95, 96], [95, 97], [101, 102], [101, 103], [108, 109], [108, 110], [110, 111], [110, 112], [112, 113], [112, 114], [114, 115], [114, 116], [116, 117], [116, 118]], "missing_branches": []}, "_format_reset_duration": {"executed_lines": [122, 123, 124, 125, 126, 127, 128, 129, 130, 131, 132, 133, 134, 135, 136, 137, 138, 139, 140, 141, 142, 143], "summary": {"covered_lines": 22, "num_statements": 22, "percent_covered": 100.0, "percent_covered_display": "100", "missing_lines": 0, "excluded_lines": 0, "num_branches": 12, "num_partial_branches": 0, "covered_branches": 12, "missing_branches": 0}, "missing_lines": [], "excluded_lines": [], "executed_branches": [[122, 123], [122, 124], [133, 134], [133, 135], [135, 136], [135, 137], [137, 138], [137, 139], [139, 140], [139, 141], [141, 142], [141, 143]], "missing_branches": []}, "_format_local_datetime": {"executed_lines": [147, 148, 149], "summary": {"covered_lines": 3, "num_statements": 3, "percent_covered": 100.0, "percent_covered_display": "100", "missing_lines": 0, "excluded_lines": 0, "num_branches": 0, "num_partial_branches": 0, "covered_branches": 0, "missing_branches": 0}, "missing_lines": [], "excluded_lines": [], "executed_branches": [], "missing_branches": []}, "_print_usage_limits_block": {"executed_lines": [153, 155, 157, 158, 159, 160, 162, 163, 164, 166, 167, 168, 169, 170, 172, 173, 174, 175, 177, 178, 179, 181, 182, 183, 184, 186, 187, 188, 190, 191, 195, 196, 198, 199, 200, 201, 202, 203, 204, 205, 207], "summary": {"covered_lines": 41, "num_statements": 41, "percent_covered": 100.0, "percent_covered_display": "100", "missing_lines": 0, "excluded_lines": 0, "num_branches": 18, "num_partial_branches": 0, "covered_branches": 18, "missing_branches": 0}, "missing_lines": [], "excluded_lines": [], "executed_branches": [[157, 158], [157, 162], [167, 168], [167, 169], [169, 170], [169, 172], [172, 173], [172, 177], [177, 178], [177, 207], [178, 179], [178, 181], [198, 199], [198, 201], [201, 202], [201, 203], [203, 204]], "missing_branches": []}, "cmd_login": {"executed_lines": [212, 213, 214, 215, 216, 218, 219, 220, 227, 228, 229, 230, 231, 233, 234, 235, 236, 237, 238, 239, 240, 241, 243, 282, 283, 284, 285, 286, 287, 289, 290, 291], "summary": {"covered_lines": 32, "num_statements": 32, "percent_covered": 100.0, "percent_covered_display": "100", "missing_lines": 0, "excluded_lines": 0, "num_branches": 6, "num_partial_branches": 0, "covered_branches": 6, "missing_branches": 0}, "missing_lines": [], "excluded_lines": [], "executed_branches": [[214, 215], [214, 218], [229, 230], [229, 231], [236, 237], [236, 241]], "missing_branches": []}, "cmd_login._stdin_paste_worker": {"executed_lines": [244, 245, 249, 250, 251, 253, 254, 255, 256, 257, 258, 259, 260, 261, 262, 263, 264, 265, 266, 267, 268, 269, 270, 271, 272, 274, 275, 276, 277, 278, 279, 280], "summary": {"covered_lines": 32, "num_statements": 32, "percent_covered": 100.0, "percent_covered_display": "100", "missing_lines": 0, "excluded_lines": 0, "num_branches": 8, "num_partial_branches": 0, "covered_branches": 8, "missing_branches": 0}, "missing_lines": [], "excluded_lines": [], "executed_branches": [[250, 251], [250, 253], [257, 258], [257, 260], [260, 261], [260, 263], [270, 271], [270, 274]], "missing_branches": []}, "cmd_serve": {"executed_lines": [307, 317, 318], "summary": {"covered_lines": 3, "num_statements": 3, "percent_covered": 100.0, "percent_covered_display": "100", "missing_lines": 0, "excluded_lines": 0, "num_branches": 0, "num_partial_branches": 0, "covered_branches": 0, "missing_branches": 0}, "missing_lines": [], "excluded_lines": [], "executed_branches": [], "missing_branches": []}, "main": {"executed_lines": [323, 324, 326, 327, 330, 332, 333, 334, 335, 336, 342, 348, 354, 363, 373, 379, 380, 382, 384, 385, 386, 387, 400, 401, 402, 403, 404, 405, 406, 407, 408, 409, 410, 411, 412, 414, 415, 417, 418, 421, 428, 432, 433, 434, 435, 436, 437, 438, 439, 440, 442], "summary": {"covered_lines": 51, "num_statements": 51, "percent_covered": 100.0, "percent_covered_display": "100", "missing_lines": 0, "excluded_lines": 0, "num_branches": 12, "num_partial_branches": 0, "covered_branches": 12, "missing_branches": 0}, "missing_lines": [], "excluded_lines": [], "executed_branches": [[384, 385], [384, 386], [386, 387], [386, 400], [400, 401], [400, 442], [402, 403], [402, 405], [406, 407], [406, 414], [436, 437], [436, 438]], "missing_branches": []}, "": {"executed_lines": [1, 3, 5, 6, 7, 8, 9, 10, 11, 12, 13, 14, 16, 19, 20, 21, 22, 23, 25, 26, 27, 28, 31, 32, 33, 34, 35, 36, 39, 54, 79, 89, 94, 121, 146, 152, 210, 294, 321, 445, 446], "summary": {"covered_lines": 39, "num_statements": 39, "percent_covered": 100.0, "percent_covered_display": "100", "missing_lines": 0, "excluded_lines": 2, "num_branches": 2, "num_partial_branches": 0, "covered_branches": 2, "missing_branches": 0}, "missing_lines": [], "excluded_lines": [16, 17], "executed_branches": [[445, -1], [445, 446]], "missing_branches": []}}, "classes": {"": {"executed_lines": [1, 3, 5, 6, 7, 8, 9, 10, 11, 12, 13, 14, 16, 19, 20, 21, 22, 23, 25, 26, 27, 28, 31, 32, 33, 34, 35, 36, 39, 40, 41, 42, 43, 45, 46, 47, 48, 49, 50, 51, 54, 55, 56, 57, 58, 60, 61, 62, 64, 65, 67, 68, 74, 76, 79, 80, 81, 82, 83, 84, 85, 86, 89, 91, 94, 95, 96, 97, 98, 99, 100, 101, 102, 103, 104, 105, 106, 107, 108, 109, 110, 111, 112, 113, 114, 115, 116, 117, 118, 121, 122, 123, 124, 125, 126, 127, 128, 129, 130, 131, 132, 133, 134, 135, 136, 137, 138, 139, 140, 141, 142, 143, 146, 147, 148, 149, 152, 153, 155, 157, 158, 159, 160, 162, 163, 164, 166, 167, 168, 169, 170, 172, 173, 174, 175, 177, 178, 179, 181, 182, 183, 184, 186, 187, 188, 190, 191, 195, 196, 198, 199, 200, 201, 202, 203, 204, 205, 207, 210, 212, 213, 214, 215, 216, 218, 219, 220, 227, 228, 229, 230, 231, 233, 234, 235, 236, 237, 238, 239, 240, 241, 243, 244, 245, 249, 250, 251, 253, 254, 255, 256, 257, 258, 259, 260, 261, 262, 263, 264, 265, 266, 267, 268, 269, 270, 271, 272, 274, 275, 276, 277, 278, 279, 280, 282, 283, 284, 285, 286, 287, 289, 290, 291, 294, 307, 317, 318, 321, 323, 324, 326, 327, 330, 332, 333, 334, 335, 336, 342, 348, 354, 363, 373, 379, 380, 382, 384, 385, 386, 387, 400, 401, 402, 403, 404, 405, 406, 407, 408, 409, 410, 411, 412, 414, 415, 417, 418, 421, 428, 432, 433, 434, 435, 436, 437, 438, 439, 440, 442, 445, 446], "summary": {"covered_lines": 279, "num_statements": 279, "percent_covered": 100.0, "percent_covered_display": "100", "missing_lines": 0, "excluded_lines": 2, "num_branches": 88, "num_partial_branches": 0, "covered_branches": 88, "missing_branches": 0}, "missing_lines": [], "excluded_lines": [16, 17], "executed_branches": [[45, 46], [45, 47], [47, 48], [47, 49], [49, 50], [49, 51], [61, 62], [61, 64], [67, 68], [67, 74], [80, 81], [80, 82], [82, 83], [82, 84], [84, 85], [84, 86], [95, 96], [95, 97], [101, 102], [101, 103], [108, 109], [108, 110], [110, 111], [110, 112], [112, 113], [112, 114], [114, 115], [114, 116], [116, 117], [116, 118], [122, 123], [122, 124], [133, 134], [133, 135], [135, 136], [135, 137], [137, 138], [137, 139], [139, 140], [139, 141], [141, 142], [141, 143], [157, 158], [157, 162], [167, 168], [167, 169], [169, 170], [169, 172], [172, 173], [172, 177], [177, 178], [177, 207], [178, 179], [178, 181], [198, 199], [198, 201], [201, 202], [201, 203], [203, 204], [214, 215], [214, 218], [229, 230], [229, 231], [236, 237], [236, 241], [250, 251], [250, 253], [257, 258], [257, 260], [260, 261], [260, 263], [270, 271], [270, 274], [384, 385], [384, 386], [386, 387], [386, 400], [400, 401], [400, 442], [402, 403], [402, 405], [406, 407], [406, 414], [436, 437], [436, 438], [445, -1], [445, 446]], "missing_branches": []}}}, "chatmock\\config.py": {"executed_lines": [1, 3, 5, 6, 7, 9, 10, 11, 13, 16, 17, 18, 19, 20, 21, 22, 23, 24, 27, 29, 41, 42, 43, 44, 45, 46, 47, 50, 52, 53, 54, 55, 56, 59, 61, 62, 65, 66], "summary": {"covered_lines": 37, "num_statements": 37, "percent_covered": 100.0, "percent_covered_display": "100", "missing_lines": 0, "excluded_lines": 0, "num_branches": 12, "num_partial_branches": 0, "covered_branches": 12, "missing_branches": 0}, "missing_lines": [], "excluded_lines": [], "executed_branches": [[18, 19], [18, 24], [20, 21], [20, 24], [41, 42], [41, 47], [43, 44], [43, 45], [45, 41], [45, 46], [53, 54], [53, 56]], "missing_branches": [], "functions": {"_read_candidate": {"executed_lines": [17, 18, 19, 20, 21, 22, 23, 24], "summary": {"covered_lines": 8, "num_statements": 8, "percent_covered": 100.0, "percent_covered_display": "100", "missing_lines": 0, "excluded_lines": 0, "num_branches": 4, "num_partial_branches": 0, "covered_branches": 4, "missing_branches": 0}, "missing_lines": [], "excluded_lines": [], "executed_branches": [[18, 19], [18, 24], [20, 21], [20, 24]], "missing_branches": []}, "_read_prompt_text": {"executed_lines": [29, 41, 42, 43, 44, 45, 46, 47], "summary": {"covered_lines": 8, "num_statements": 8, "percent_covered": 100.0, "percent_covered_display": "100", "missing_lines": 0, "excluded_lines": 0, "num_branches": 6, "num_partial_branches": 0, "covered_branches": 6, "missing_branches": 0}, "missing_lines": [], "excluded_lines": [], "executed_branches": [[41, 42], [41, 47], [43, 44], [43, 45], [45, 41], [45, 46]], "missing_branches": []}, "read_base_instructions": {"executed_lines": [52, 53, 54, 55, 56], "summary": {"covered_lines": 5, "num_statements": 5, "percent_covered": 100.0, "percent_covered_display": "100", "missing_lines": 0, "excluded_lines": 0, "num_branches": 2, "num_partial_branches": 0, "covered_branches": 2, "missing_branches": 0}, "missing_lines": [], "excluded_lines": [], "executed_branches": [[53, 54], [53, 56]], "missing_branches": []}, "read_gpt5_codex_instructions": {"executed_lines": [61, 62], "summary": {"covered_lines": 2, "num_statements": 2, "percent_covered": 100.0, "percent_covered_display": "100", "missing_lines": 0, "excluded_lines": 0, "num_branches": 0, "num_partial_branches": 0, "covered_branches": 0, "missing_branches": 0}, "missing_lines": [], "excluded_lines": [], "executed_branches": [], "missing_branches": []}, "": {"executed_lines": [1, 3, 5, 6, 7, 9, 10, 11, 13, 16, 27, 50, 59, 65, 66], "summary": {"covered_lines": 14, "num_statements": 14, "percent_covered": 100.0, "percent_covered_display": "100", "missing_lines": 0, "excluded_lines": 0, "num_branches": 0, "num_partial_branches": 0, "covered_branches": 0, "missing_branches": 0}, "missing_lines": [], "excluded_lines": [], "executed_branches": [], "missing_branches": []}}, "classes": {"": {"executed_lines": [1, 3, 5, 6, 7, 9, 10, 11, 13, 16, 17, 18, 19, 20, 21, 22, 23, 24, 27, 29, 41, 42, 43, 44, 45, 46, 47, 50, 52, 53, 54, 55, 56, 59, 61, 62, 65, 66], "summary": {"covered_lines": 37, "num_statements": 37, "percent_covered": 100.0, "percent_covered_display": "100", "missing_lines": 0, "excluded_lines": 0, "num_branches": 12, "num_partial_branches": 0, "covered_branches": 12, "missing_branches": 0}, "missing_lines": [], "excluded_lines": [], "executed_branches": [[18, 19], [18, 24], [20, 21], [20, 24], [41, 42], [41, 47], [43, 44], [43, 45], [45, 41], [45, 46], [53, 54], [53, 56]], "missing_branches": []}}}, "chatmock\\http.py": {"executed_lines": [1, 3, 5, 8, 10, 11, 12, 13, 21, 23, 24, 27, 28, 29], "summary": {"covered_lines": 13, "num_statements": 13, "percent_covered": 100.0, "percent_covered_display": "100", "missing_lines": 0, "excluded_lines": 0, "num_branches": 2, "num_partial_branches": 0, "covered_branches": 2, "missing_branches": 0}, "missing_lines": [], "excluded_lines": [], "executed_branches": [[27, 28], [27, 29]], "missing_branches": [], "functions": {"build_cors_headers": {"executed_lines": [10, 11, 12, 13], "summary": {"covered_lines": 4, "num_statements": 4, "percent_covered": 100.0, "percent_covered_display": "100", "missing_lines": 0, "excluded_lines": 0, "num_branches": 0, "num_partial_branches": 0, "covered_branches": 0, "missing_branches": 0}, "missing_lines": [], "excluded_lines": [], "executed_branches": [], "missing_branches": []}, "json_error": {"executed_lines": [23, 24, 27, 28, 29], "summary": {"covered_lines": 5, "num_statements": 5, "percent_covered": 100.0, "percent_covered_display": "100", "missing_lines": 0, "excluded_lines": 0, "num_branches": 2, "num_partial_branches": 0, "covered_branches": 2, "missing_branches": 0}, "missing_lines": [], "excluded_lines": [], "executed_branches": [[27, 28], [27, 29]], "missing_branches": []}, "": {"executed_lines": [1, 3, 5, 8, 21], "summary": {"covered_lines": 4, "num_statements": 4, "percent_covered": 100.0, "percent_covered_display": "100", "missing_lines": 0, "excluded_lines": 0, "num_branches": 0, "num_partial_branches": 0, "covered_branches": 0, "missing_branches": 0}, "missing_lines": [], "excluded_lines": [], "executed_branches": [], "missing_branches": []}}, "classes": {"": {"executed_lines": [1, 3, 5, 8, 10, 11, 12, 13, 21, 23, 24, 27, 28, 29], "summary": {"covered_lines": 13, "num_statements": 13, "percent_covered": 100.0, "percent_covered_display": "100", "missing_lines": 0, "excluded_lines": 0, "num_branches": 2, "num_partial_branches": 0, "covered_branches": 2, "missing_branches": 0}, "missing_lines": [], "excluded_lines": [], "executed_branches": [[27, 28], [27, 29]], "missing_branches": []}}}, "chatmock\\limits.py": {"executed_lines": [1, 3, 5, 6, 7, 8, 9, 10, 11, 12, 14, 17, 19, 20, 21, 22, 23, 24, 26, 29, 30, 31, 33, 34, 35, 38, 39, 40, 42, 43, 46, 47, 48, 50, 51, 54, 55, 56, 57, 58, 59, 60, 61, 62, 63, 64, 65, 66, 67, 69, 72, 73, 74, 75, 76, 77, 78, 79, 80, 81, 82, 83, 84, 85, 88, 91, 92, 93, 94, 95, 96, 103, 109, 110, 111, 112, 113, 114, 115, 116, 119, 121, 122, 125, 129, 130, 131, 132, 135, 136, 141, 142, 147, 148, 149, 150, 151, 152, 153, 155, 158, 160, 161, 162, 163, 164, 165, 166, 168, 169, 170, 171, 173, 177, 178, 179, 182, 183, 184, 185, 186, 187, 188, 189, 190, 191, 192, 193, 194, 195, 197, 200, 201, 202, 203, 204, 205, 206, 207, 208, 211, 213, 214, 215, 216, 217, 218, 219, 220, 221, 224, 226, 227, 228, 229, 230, 231], "summary": {"covered_lines": 152, "num_statements": 152, "percent_covered": 100.0, "percent_covered_display": "100", "missing_lines": 0, "excluded_lines": 2, "num_branches": 50, "num_partial_branches": 0, "covered_branches": 50, "missing_branches": 0}, "missing_lines": [], "excluded_lines": [14, 15], "executed_branches": [[56, 57], [56, 58], [58, 59], [58, 60], [61, 62], [61, 63], [64, 65], [64, 69], [74, 75], [74, 76], [76, 77], [76, 78], [78, 79], [78, 80], [81, 82], [81, 83], [92, 93], [92, 94], [112, 113], [112, 114], [135, 136], [135, 141], [141, 142], [141, 147], [149, 150], [149, 152], [170, 171], [170, 173], [177, 178], [177, 179], [183, 184], [183, 185], [186, 187], [186, 188], [188, 189], [188, 190], [192, 193], [192, 197], [201, 202], [201, 203], [204, 205], [204, 206], [213, 214], [213, 215], [216, 217], [216, 218], [219, 220], [219, 221], [226, 227], [226, 228]], "missing_branches": [], "functions": {"_parse_float": {"executed_lines": [55, 56, 57, 58, 59, 60, 61, 62, 63, 64, 65, 66, 67, 69], "summary": {"covered_lines": 14, "num_statements": 14, "percent_covered": 100.0, "percent_covered_display": "100", "missing_lines": 0, "excluded_lines": 0, "num_branches": 8, "num_partial_branches": 0, "covered_branches": 8, "missing_branches": 0}, "missing_lines": [], "excluded_lines": [], "executed_branches": [[56, 57], [56, 58], [58, 59], [58, 60], [61, 62], [61, 63], [64, 65], [64, 69]], "missing_branches": []}, "_parse_int": {"executed_lines": [73, 74, 75, 76, 77, 78, 79, 80, 81, 82, 83, 84, 85], "summary": {"covered_lines": 13, "num_statements": 13, "percent_covered": 100.0, "percent_covered_display": "100", "missing_lines": 0, "excluded_lines": 0, "num_branches": 8, "num_partial_branches": 0, "covered_branches": 8, "missing_branches": 0}, "missing_lines": [], "excluded_lines": [], "executed_branches": [[74, 75], [74, 76], [76, 77], [76, 78], [78, 79], [78, 80], [81, 82], [81, 83]], "missing_branches": []}, "_parse_window": {"executed_lines": [91, 92, 93, 94, 95, 96], "summary": {"covered_lines": 6, "num_statements": 6, "percent_covered": 100.0, "percent_covered_display": "100", "missing_lines": 0, "excluded_lines": 0, "num_branches": 2, "num_partial_branches": 0, "covered_branches": 2, "missing_branches": 0}, "missing_lines": [], "excluded_lines": [], "executed_branches": [[92, 93], [92, 94]], "missing_branches": []}, "parse_rate_limit_headers": {"executed_lines": [109, 110, 111, 112, 113, 114, 115, 116], "summary": {"covered_lines": 8, "num_statements": 8, "percent_covered": 100.0, "percent_covered_display": "100", "missing_lines": 0, "excluded_lines": 0, "num_branches": 2, "num_partial_branches": 0, "covered_branches": 2, "missing_branches": 0}, "missing_lines": [], "excluded_lines": [], "executed_branches": [[112, 113], [112, 114]], "missing_branches": []}, "_limits_path": {"executed_lines": [121, 122], "summary": {"covered_lines": 2, "num_statements": 2, "percent_covered": 100.0, "percent_covered_display": "100", "missing_lines": 0, "excluded_lines": 0, "num_branches": 0, "num_partial_branches": 0, "covered_branches": 0, "missing_branches": 0}, "missing_lines": [], "excluded_lines": [], "executed_branches": [], "missing_branches": []}, "store_rate_limit_snapshot": {"executed_lines": [129, 130, 131, 132, 135, 136, 141, 142, 147, 148, 149, 150, 151, 152, 153, 155], "summary": {"covered_lines": 16, "num_statements": 16, "percent_covered": 100.0, "percent_covered_display": "100", "missing_lines": 0, "excluded_lines": 0, "num_branches": 6, "num_partial_branches": 0, "covered_branches": 6, "missing_branches": 0}, "missing_lines": [], "excluded_lines": [], "executed_branches": [[135, 136], [135, 141], [141, 142], [141, 147], [149, 150], [149, 152]], "missing_branches": []}, "load_rate_limit_snapshot": {"executed_lines": [160, 161, 162, 163, 164, 165, 166, 168, 169, 170, 171, 173, 177, 178, 179], "summary": {"covered_lines": 15, "num_statements": 15, "percent_covered": 100.0, "percent_covered_display": "100", "missing_lines": 0, "excluded_lines": 0, "num_branches": 4, "num_partial_branches": 0, "covered_branches": 4, "missing_branches": 0}, "missing_lines": [], "excluded_lines": [], "executed_branches": [[170, 171], [170, 173], [177, 178], [177, 179]], "missing_branches": []}, "_parse_datetime": {"executed_lines": [183, 184, 185, 186, 187, 188, 189, 190, 191, 192, 193, 194, 195, 197], "summary": {"covered_lines": 14, "num_statements": 14, "percent_covered": 100.0, "percent_covered_display": "100", "missing_lines": 0, "excluded_lines": 0, "num_branches": 8, "num_partial_branches": 0, "covered_branches": 8, "missing_branches": 0}, "missing_lines": [], "excluded_lines": [], "executed_branches": [[183, 184], [183, 185], [186, 187], [186, 188], [188, 189], [188, 190], [192, 193], [192, 197]], "missing_branches": []}, "_dict_to_window": {"executed_lines": [201, 202, 203, 204, 205, 206, 207, 208], "summary": {"covered_lines": 8, "num_statements": 8, "percent_covered": 100.0, "percent_covered_display": "100", "missing_lines": 0, "excluded_lines": 0, "num_branches": 4, "num_partial_branches": 0, "covered_branches": 4, "missing_branches": 0}, "missing_lines": [], "excluded_lines": [], "executed_branches": [[201, 202], [201, 203], [204, 205], [204, 206]], "missing_branches": []}, "record_rate_limits_from_response": {"executed_lines": [213, 214, 215, 216, 217, 218, 219, 220, 221], "summary": {"covered_lines": 9, "num_statements": 9, "percent_covered": 100.0, "percent_covered_display": "100", "missing_lines": 0, "excluded_lines": 0, "num_branches": 6, "num_partial_branches": 0, "covered_branches": 6, "missing_branches": 0}, "missing_lines": [], "excluded_lines": [], "executed_branches": [[213, 214], [213, 215], [216, 217], [216, 218], [219, 220], [219, 221]], "missing_branches": []}, "compute_reset_at": {"executed_lines": [226, 227, 228, 229, 230, 231], "summary": {"covered_lines": 6, "num_statements": 6, "percent_covered": 100.0, "percent_covered_display": "100", "missing_lines": 0, "excluded_lines": 0, "num_branches": 2, "num_partial_branches": 0, "covered_branches": 2, "missing_branches": 0}, "missing_lines": [], "excluded_lines": [], "executed_branches": [[226, 227], [226, 228]], "missing_branches": []}, "": {"executed_lines": [1, 3, 5, 6, 7, 8, 9, 10, 11, 12, 14, 17, 19, 20, 21, 22, 23, 24, 26, 29, 30, 31, 33, 34, 35, 38, 39, 40, 42, 43, 46, 47, 48, 50, 51, 54, 72, 88, 103, 119, 125, 158, 182, 200, 211, 224], "summary": {"covered_lines": 41, "num_statements": 41, "percent_covered": 100.0, "percent_covered_display": "100", "missing_lines": 0, "excluded_lines": 2, "num_branches": 0, "num_partial_branches": 0, "covered_branches": 0, "missing_branches": 0}, "missing_lines": [], "excluded_lines": [14, 15], "executed_branches": [], "missing_branches": []}}, "classes": {"RateLimitWindow": {"executed_lines": [], "summary": {"covered_lines": 0, "num_statements": 0, "percent_covered": 100.0, "percent_covered_display": "100", "missing_lines": 0, "excluded_lines": 0, "num_branches": 0, "num_partial_branches": 0, "covered_branches": 0, "missing_branches": 0}, "missing_lines": [], "excluded_lines": [], "executed_branches": [], "missing_branches": []}, "RateLimitSnapshot": {"executed_lines": [], "summary": {"covered_lines": 0, "num_statements": 0, "percent_covered": 100.0, "percent_covered_display": "100", "missing_lines": 0, "excluded_lines": 0, "num_branches": 0, "num_partial_branches": 0, "covered_branches": 0, "missing_branches": 0}, "missing_lines": [], "excluded_lines": [], "executed_branches": [], "missing_branches": []}, "StoredRateLimitSnapshot": {"executed_lines": [], "summary": {"covered_lines": 0, "num_statements": 0, "percent_covered": 100.0, "percent_covered_display": "100", "missing_lines": 0, "excluded_lines": 0, "num_branches": 0, "num_partial_branches": 0, "covered_branches": 0, "missing_branches": 0}, "missing_lines": [], "excluded_lines": [], "executed_branches": [], "missing_branches": []}, "": {"executed_lines": [1, 3, 5, 6, 7, 8, 9, 10, 11, 12, 14, 17, 19, 20, 21, 22, 23, 24, 26, 29, 30, 31, 33, 34, 35, 38, 39, 40, 42, 43, 46, 47, 48, 50, 51, 54, 55, 56, 57, 58, 59, 60, 61, 62, 63, 64, 65, 66, 67, 69, 72, 73, 74, 75, 76, 77, 78, 79, 80, 81, 82, 83, 84, 85, 88, 91, 92, 93, 94, 95, 96, 103, 109, 110, 111, 112, 113, 114, 115, 116, 119, 121, 122, 125, 129, 130, 131, 132, 135, 136, 141, 142, 147, 148, 149, 150, 151, 152, 153, 155, 158, 160, 161, 162, 163, 164, 165, 166, 168, 169, 170, 171, 173, 177, 178, 179, 182, 183, 184, 185, 186, 187, 188, 189, 190, 191, 192, 193, 194, 195, 197, 200, 201, 202, 203, 204, 205, 206, 207, 208, 211, 213, 214, 215, 216, 217, 218, 219, 220, 221, 224, 226, 227, 228, 229, 230, 231], "summary": {"covered_lines": 152, "num_statements": 152, "percent_covered": 100.0, "percent_covered_display": "100", "missing_lines": 0, "excluded_lines": 2, "num_branches": 50, "num_partial_branches": 0, "covered_branches": 50, "missing_branches": 0}, "missing_lines": [], "excluded_lines": [14, 15], "executed_branches": [[56, 57], [56, 58], [58, 59], [58, 60], [61, 62], [61, 63], [64, 65], [64, 69], [74, 75], [74, 76], [76, 77], [76, 78], [78, 79], [78, 80], [81, 82], [81, 83], [92, 93], [92, 94], [112, 113], [112, 114], [135, 136], [135, 141], [141, 142], [141, 147], [149, 150], [149, 152], [170, 171], [170, 173], [177, 178], [177, 179], [183, 184], [183, 185], [186, 187], [186, 188], [188, 189], [188, 190], [192, 193], [192, 197], [201, 202], [201, 203], [204, 205], [204, 206], [213, 214], [213, 215], [216, 217], [216, 218], [219, 220], [219, 221], [226, 227], [226, 228]], "missing_branches": []}}}, "chatmock\\models.py": {"executed_lines": [1, 3, 5, 8, 9, 10, 12, 13, 14, 15, 18, 19, 20, 22, 23, 24, 27, 28, 29, 31, 32], "summary": {"covered_lines": 17, "num_statements": 17, "percent_covered": 100.0, "percent_covered_display": "100", "missing_lines": 0, "excluded_lines": 0, "num_branches": 0, "num_partial_branches": 0, "covered_branches": 0, "missing_branches": 0}, "missing_lines": [], "excluded_lines": [], "executed_branches": [], "missing_branches": [], "functions": {"": {"executed_lines": [1, 3, 5, 8, 9, 10, 12, 13, 14, 15, 18, 19, 20, 22, 23, 24, 27, 28, 29, 31, 32], "summary": {"covered_lines": 17, "num_statements": 17, "percent_covered": 100.0, "percent_covered_display": "100", "missing_lines": 0, "excluded_lines": 0, "num_branches": 0, "num_partial_branches": 0, "covered_branches": 0, "missing_branches": 0}, "missing_lines": [], "excluded_lines": [], "executed_branches": [], "missing_branches": []}}, "classes": {"TokenData": {"executed_lines": [], "summary": {"covered_lines": 0, "num_statements": 0, "percent_covered": 100.0, "percent_covered_display": "100", "missing_lines": 0, "excluded_lines": 0, "num_branches": 0, "num_partial_branches": 0, "covered_branches": 0, "missing_branches": 0}, "missing_lines": [], "excluded_lines": [], "executed_branches": [], "missing_branches": []}, "AuthBundle": {"executed_lines": [], "summary": {"covered_lines": 0, "num_statements": 0, "percent_covered": 100.0, "percent_covered_display": "100", "missing_lines": 0, "excluded_lines": 0, "num_branches": 0, "num_partial_branches": 0, "covered_branches": 0, "missing_branches": 0}, "missing_lines": [], "excluded_lines": [], "executed_branches": [], "missing_branches": []}, "PkceCodes": {"executed_lines": [], "summary": {"covered_lines": 0, "num_statements": 0, "percent_covered": 100.0, "percent_covered_display": "100", "missing_lines": 0, "excluded_lines": 0, "num_branches": 0, "num_partial_branches": 0, "covered_branches": 0, "missing_branches": 0}, "missing_lines": [], "excluded_lines": [], "executed_branches": [], "missing_branches": []}, "": {"executed_lines": [1, 3, 5, 8, 9, 10, 12, 13, 14, 15, 18, 19, 20, 22, 23, 24, 27, 28, 29, 31, 32], "summary": {"covered_lines": 17, "num_statements": 17, "percent_covered": 100.0, "percent_covered_display": "100", "missing_lines": 0, "excluded_lines": 0, "num_branches": 0, "num_partial_branches": 0, "covered_branches": 0, "missing_branches": 0}, "missing_lines": [], "excluded_lines": [], "executed_branches": [], "missing_branches": []}}}, "chatmock\\oauth.py": {"executed_lines": [1, 3, 5, 6, 7, 8, 9, 10, 11, 12, 13, 14, 16, 18, 19, 20, 22, 23, 24, 27, 46, 49, 50, 52, 62, 63, 64, 65, 66, 67, 68, 69, 70, 71, 72, 74, 76, 87, 89, 91, 101, 110, 112, 113, 114, 116, 117, 119, 120, 122, 129, 133, 136, 137, 139, 146, 147, 148, 149, 157, 159, 160, 171, 180, 181, 183, 184, 194, 195, 197, 199, 209, 212, 213, 215, 217, 219, 220, 221, 222, 223, 224, 225, 226, 227, 229, 230, 231, 232, 234, 235, 237, 238, 239, 240, 241, 243, 244, 245, 246, 247, 248, 250, 260, 261, 262, 264, 265, 267, 269, 270, 272, 274, 275, 277, 278, 279, 280, 282, 283, 284, 285, 286, 287, 288, 290, 291, 293, 294, 295, 296, 298, 300, 302, 303, 305, 311, 312, 313, 314, 322, 324, 325, 336, 345, 346, 348, 349, 357, 358], "summary": {"covered_lines": 147, "num_statements": 147, "percent_covered": 100.0, "percent_covered_display": "100", "missing_lines": 0, "excluded_lines": 0, "num_branches": 14, "num_partial_branches": 0, "covered_branches": 14, "missing_branches": 0}, "missing_lines": [], "excluded_lines": [], "executed_branches": [[148, 149], [148, 159], [220, 221], [220, 229], [229, 230], [229, 234], [238, 239], [238, 243], [260, 261], [260, 264], [274, -272], [274, 275], [313, 314], [313, 324]], "missing_branches": [], "functions": {"OAuthHTTPServer.__init__": {"executed_lines": [62, 63, 64, 65, 66, 67, 68, 69, 70, 71, 72], "summary": {"covered_lines": 11, "num_statements": 11, "percent_covered": 100.0, "percent_covered_display": "100", "missing_lines": 0, "excluded_lines": 0, "num_branches": 0, "num_partial_branches": 0, "covered_branches": 0, "missing_branches": 0}, "missing_lines": [], "excluded_lines": [], "executed_branches": [], "missing_branches": []}, "OAuthHTTPServer.auth_url": {"executed_lines": [76, 87], "summary": {"covered_lines": 2, "num_statements": 2, "percent_covered": 100.0, "percent_covered_display": "100", "missing_lines": 0, "excluded_lines": 0, "num_branches": 0, "num_partial_branches": 0, "covered_branches": 0, "missing_branches": 0}, "missing_lines": [], "excluded_lines": [], "executed_branches": [], "missing_branches": []}, "OAuthHTTPServer.exchange_code": {"executed_lines": [91, 101, 110, 112, 113, 114, 116, 117, 119, 120, 122, 129, 133, 136, 137], "summary": {"covered_lines": 15, "num_statements": 15, "percent_covered": 100.0, "percent_covered_display": "100", "missing_lines": 0, "excluded_lines": 0, "num_branches": 0, "num_partial_branches": 0, "covered_branches": 0, "missing_branches": 0}, "missing_lines": [], "excluded_lines": [], "executed_branches": [], "missing_branches": []}, "OAuthHTTPServer.maybe_obtain_api_key": {"executed_lines": [146, 147, 148, 149, 157, 159, 160, 171, 180, 181, 183, 184, 194, 195], "summary": {"covered_lines": 14, "num_statements": 14, "percent_covered": 100.0, "percent_covered_display": "100", "missing_lines": 0, "excluded_lines": 0, "num_branches": 2, "num_partial_branches": 0, "covered_branches": 2, "missing_branches": 0}, "missing_lines": [], "excluded_lines": [], "executed_branches": [[148, 149], [148, 159]], "missing_branches": []}, "OAuthHTTPServer.persist_auth": {"executed_lines": [199, 209], "summary": {"covered_lines": 2, "num_statements": 2, "percent_covered": 100.0, "percent_covered_display": "100", "missing_lines": 0, "excluded_lines": 0, "num_branches": 0, "num_partial_branches": 0, "covered_branches": 0, "missing_branches": 0}, "missing_lines": [], "excluded_lines": [], "executed_branches": [], "missing_branches": []}, "OAuthHandler.do_GET": {"executed_lines": [219, 220, 221, 222, 223, 224, 225, 226, 227, 229, 230, 231, 232, 234, 235, 237, 238, 239, 240, 241, 243, 244, 245, 246, 247, 248, 250, 260, 261, 262, 264, 265], "summary": {"covered_lines": 32, "num_statements": 32, "percent_covered": 100.0, "percent_covered_display": "100", "missing_lines": 0, "excluded_lines": 0, "num_branches": 8, "num_partial_branches": 0, "covered_branches": 8, "missing_branches": 0}, "missing_lines": [], "excluded_lines": [], "executed_branches": [[220, 221], [220, 229], [229, 230], [229, 234], [238, 239], [238, 243], [260, 261], [260, 264]], "missing_branches": []}, "OAuthHandler.do_POST": {"executed_lines": [269, 270], "summary": {"covered_lines": 2, "num_statements": 2, "percent_covered": 100.0, "percent_covered_display": "100", "missing_lines": 0, "excluded_lines": 0, "num_branches": 0, "num_partial_branches": 0, "covered_branches": 0, "missing_branches": 0}, "missing_lines": [], "excluded_lines": [], "executed_branches": [], "missing_branches": []}, "OAuthHandler.log_message": {"executed_lines": [274, 275], "summary": {"covered_lines": 2, "num_statements": 2, "percent_covered": 100.0, "percent_covered_display": "100", "missing_lines": 0, "excluded_lines": 0, "num_branches": 2, "num_partial_branches": 0, "covered_branches": 2, "missing_branches": 0}, "missing_lines": [], "excluded_lines": [], "executed_branches": [[274, -272], [274, 275]], "missing_branches": []}, "OAuthHandler._send_redirect": {"executed_lines": [278, 279, 280], "summary": {"covered_lines": 3, "num_statements": 3, "percent_covered": 100.0, "percent_covered_display": "100", "missing_lines": 0, "excluded_lines": 0, "num_branches": 0, "num_partial_branches": 0, "covered_branches": 0, "missing_branches": 0}, "missing_lines": [], "excluded_lines": [], "executed_branches": [], "missing_branches": []}, "OAuthHandler._send_html": {"executed_lines": [283, 284, 285, 286, 287, 288], "summary": {"covered_lines": 6, "num_statements": 6, "percent_covered": 100.0, "percent_covered_display": "100", "missing_lines": 0, "excluded_lines": 0, "num_branches": 0, "num_partial_branches": 0, "covered_branches": 0, "missing_branches": 0}, "missing_lines": [], "excluded_lines": [], "executed_branches": [], "missing_branches": []}, "OAuthHandler._shutdown": {"executed_lines": [291], "summary": {"covered_lines": 1, "num_statements": 1, "percent_covered": 100.0, "percent_covered_display": "100", "missing_lines": 0, "excluded_lines": 0, "num_branches": 0, "num_partial_branches": 0, "covered_branches": 0, "missing_branches": 0}, "missing_lines": [], "excluded_lines": [], "executed_branches": [], "missing_branches": []}, "OAuthHandler._shutdown_after_delay": {"executed_lines": [294, 300], "summary": {"covered_lines": 2, "num_statements": 2, "percent_covered": 100.0, "percent_covered_display": "100", "missing_lines": 0, "excluded_lines": 0, "num_branches": 0, "num_partial_branches": 0, "covered_branches": 0, "missing_branches": 0}, "missing_lines": [], "excluded_lines": [], "executed_branches": [], "missing_branches": []}, "OAuthHandler._shutdown_after_delay._later": {"executed_lines": [295, 296, 298], "summary": {"covered_lines": 3, "num_statements": 3, "percent_covered": 100.0, "percent_covered_display": "100", "missing_lines": 0, "excluded_lines": 0, "num_branches": 0, "num_partial_branches": 0, "covered_branches": 0, "missing_branches": 0}, "missing_lines": [], "excluded_lines": [], "executed_branches": [], "missing_branches": []}, "OAuthHandler._exchange_code": {"executed_lines": [303], "summary": {"covered_lines": 1, "num_statements": 1, "percent_covered": 100.0, "percent_covered_display": "100", "missing_lines": 0, "excluded_lines": 0, "num_branches": 0, "num_partial_branches": 0, "covered_branches": 0, "missing_branches": 0}, "missing_lines": [], "excluded_lines": [], "executed_branches": [], "missing_branches": []}, "OAuthHandler._maybe_obtain_api_key": {"executed_lines": [311, 312, 313, 314, 322, 324, 325, 336, 345, 346, 348, 349, 357, 358], "summary": {"covered_lines": 14, "num_statements": 14, "percent_covered": 100.0, "percent_covered_display": "100", "missing_lines": 0, "excluded_lines": 0, "num_branches": 2, "num_partial_branches": 0, "covered_branches": 2, "missing_branches": 0}, "missing_lines": [], "excluded_lines": [], "executed_branches": [[313, 314], [313, 324]], "missing_branches": []}, "": {"executed_lines": [1, 3, 5, 6, 7, 8, 9, 10, 11, 12, 13, 14, 16, 18, 19, 20, 22, 23, 24, 27, 46, 49, 50, 52, 74, 89, 139, 197, 212, 213, 215, 217, 267, 272, 277, 282, 290, 293, 302, 305], "summary": {"covered_lines": 37, "num_statements": 37, "percent_covered": 100.0, "percent_covered_display": "100", "missing_lines": 0, "excluded_lines": 0, "num_branches": 0, "num_partial_branches": 0, "covered_branches": 0, "missing_branches": 0}, "missing_lines": [], "excluded_lines": [], "executed_branches": [], "missing_branches": []}}, "classes": {"OAuthHTTPServer": {"executed_lines": [62, 63, 64, 65, 66, 67, 68, 69, 70, 71, 72, 76, 87, 91, 101, 110, 112, 113, 114, 116, 117, 119, 120, 122, 129, 133, 136, 137, 146, 147, 148, 149, 157, 159, 160, 171, 180, 181, 183, 184, 194, 195, 199, 209], "summary": {"covered_lines": 44, "num_statements": 44, "percent_covered": 100.0, "percent_covered_display": "100", "missing_lines": 0, "excluded_lines": 0, "num_branches": 2, "num_partial_branches": 0, "covered_branches": 2, "missing_branches": 0}, "missing_lines": [], "excluded_lines": [], "executed_branches": [[148, 149], [148, 159]], "missing_branches": []}, "OAuthHandler": {"executed_lines": [219, 220, 221, 222, 223, 224, 225, 226, 227, 229, 230, 231, 232, 234, 235, 237, 238, 239, 240, 241, 243, 244, 245, 246, 247, 248, 250, 260, 261, 262, 264, 265, 269, 270, 274, 275, 278, 279, 280, 283, 284, 285, 286, 287, 288, 291, 294, 295, 296, 298, 300, 303, 311, 312, 313, 314, 322, 324, 325, 336, 345, 346, 348, 349, 357, 358], "summary": {"covered_lines": 66, "num_statements": 66, "percent_covered": 100.0, "percent_covered_display": "100", "missing_lines": 0, "excluded_lines": 0, "num_branches": 12, "num_partial_branches": 0, "covered_branches": 12, "missing_branches": 0}, "missing_lines": [], "excluded_lines": [], "executed_branches": [[220, 221], [220, 229], [229, 230], [229, 234], [238, 239], [238, 243], [260, 261], [260, 264], [274, -272], [274, 275], [313, 314], [313, 324]], "missing_branches": []}, "": {"executed_lines": [1, 3, 5, 6, 7, 8, 9, 10, 11, 12, 13, 14, 16, 18, 19, 20, 22, 23, 24, 27, 46, 49, 50, 52, 74, 89, 139, 197, 212, 213, 215, 217, 267, 272, 277, 282, 290, 293, 302, 305], "summary": {"covered_lines": 37, "num_statements": 37, "percent_covered": 100.0, "percent_covered_display": "100", "missing_lines": 0, "excluded_lines": 0, "num_branches": 0, "num_partial_branches": 0, "covered_branches": 0, "missing_branches": 0}, "missing_lines": [], "excluded_lines": [], "executed_branches": [], "missing_branches": []}}}, "chatmock\\reasoning.py": {"executed_lines": [1, 3, 5, 8, 12, 13, 15, 16, 18, 19, 20, 21, 22, 23, 24, 25, 26, 27, 28, 30, 31, 32, 33, 36, 43, 45, 46, 47, 48, 49, 50, 51, 52, 53, 54, 56, 57, 58, 59, 60, 61, 63, 64, 65, 66, 67, 68, 69, 70, 71, 72, 73, 74, 77, 79, 80, 81, 82, 83, 84, 86, 87, 88, 89, 91, 92, 93, 94, 95, 96, 97, 98, 99, 101], "summary": {"covered_lines": 73, "num_statements": 73, "percent_covered": 100.0, "percent_covered_display": "100", "missing_lines": 0, "excluded_lines": 0, "num_branches": 52, "num_partial_branches": 0, "covered_branches": 52, "missing_branches": 0}, "missing_lines": [], "excluded_lines": [], "executed_branches": [[18, 19], [18, 25], [21, 22], [21, 23], [23, 24], [23, 25], [25, 26], [25, 27], [27, 28], [27, 30], [31, 32], [31, 33], [45, 46], [45, 56], [47, 48], [47, 49], [49, 50], [49, 51], [52, 53], [52, 54], [56, 57], [56, 63], [57, 58], [57, 59], [59, 60], [59, 61], [64, 65], [64, 66], [66, 67], [66, 68], [69, 70], [69, 74], [72, 73], [72, 74], [79, 80], [79, 81], [82, 83], [82, 84], [86, 87], [86, 91], [88, 89], [88, 91], [91, 92], [91, 101], [92, 93], [92, 94], [94, 95], [94, 96], [96, 97], [96, 98], [98, 91], [98, 99]], "missing_branches": [], "functions": {"build_reasoning_param": {"executed_lines": [12, 13, 15, 16, 18, 19, 20, 21, 22, 23, 24, 25, 26, 27, 28, 30, 31, 32, 33], "summary": {"covered_lines": 19, "num_statements": 19, "percent_covered": 100.0, "percent_covered_display": "100", "missing_lines": 0, "excluded_lines": 0, "num_branches": 12, "num_partial_branches": 0, "covered_branches": 12, "missing_branches": 0}, "missing_lines": [], "excluded_lines": [], "executed_branches": [[18, 19], [18, 25], [21, 22], [21, 23], [23, 24], [23, 25], [25, 26], [25, 27], [27, 28], [27, 30], [31, 32], [31, 33]], "missing_branches": []}, "apply_reasoning_to_message": {"executed_lines": [43, 45, 46, 47, 48, 49, 50, 51, 52, 53, 54, 56, 57, 58, 59, 60, 61, 63, 64, 65, 66, 67, 68, 69, 70, 71, 72, 73, 74], "summary": {"covered_lines": 29, "num_statements": 29, "percent_covered": 100.0, "percent_covered_display": "100", "missing_lines": 0, "excluded_lines": 0, "num_branches": 22, "num_partial_branches": 0, "covered_branches": 22, "missing_branches": 0}, "missing_lines": [], "excluded_lines": [], "executed_branches": [[45, 46], [45, 56], [47, 48], [47, 49], [49, 50], [49, 51], [52, 53], [52, 54], [56, 57], [56, 63], [57, 58], [57, 59], [59, 60], [59, 61], [64, 65], [64, 66], [66, 67], [66, 68], [69, 70], [69, 74], [72, 73], [72, 74]], "missing_branches": []}, "extract_reasoning_from_model_name": {"executed_lines": [79, 80, 81, 82, 83, 84, 86, 87, 88, 89, 91, 92, 93, 94, 95, 96, 97, 98, 99, 101], "summary": {"covered_lines": 20, "num_statements": 20, "percent_covered": 100.0, "percent_covered_display": "100", "missing_lines": 0, "excluded_lines": 0, "num_branches": 18, "num_partial_branches": 0, "covered_branches": 18, "missing_branches": 0}, "missing_lines": [], "excluded_lines": [], "executed_branches": [[79, 80], [79, 81], [82, 83], [82, 84], [86, 87], [86, 91], [88, 89], [88, 91], [91, 92], [91, 101], [92, 93], [92, 94], [94, 95], [94, 96], [96, 97], [96, 98], [98, 91], [98, 99]], "missing_branches": []}, "": {"executed_lines": [1, 3, 5, 8, 36, 77], "summary": {"covered_lines": 5, "num_statements": 5, "percent_covered": 100.0, "percent_covered_display": "100", "missing_lines": 0, "excluded_lines": 0, "num_branches": 0, "num_partial_branches": 0, "covered_branches": 0, "missing_branches": 0}, "missing_lines": [], "excluded_lines": [], "executed_branches": [], "missing_branches": []}}, "classes": {"": {"executed_lines": [1, 3, 5, 8, 12, 13, 15, 16, 18, 19, 20, 21, 22, 23, 24, 25, 26, 27, 28, 30, 31, 32, 33, 36, 43, 45, 46, 47, 48, 49, 50, 51, 52, 53, 54, 56, 57, 58, 59, 60, 61, 63, 64, 65, 66, 67, 68, 69, 70, 71, 72, 73, 74, 77, 79, 80, 81, 82, 83, 84, 86, 87, 88, 89, 91, 92, 93, 94, 95, 96, 97, 98, 99, 101], "summary": {"covered_lines": 73, "num_statements": 73, "percent_covered": 100.0, "percent_covered_display": "100", "missing_lines": 0, "excluded_lines": 0, "num_branches": 52, "num_partial_branches": 0, "covered_branches": 52, "missing_branches": 0}, "missing_lines": [], "excluded_lines": [], "executed_branches": [[18, 19], [18, 25], [21, 22], [21, 23], [23, 24], [23, 25], [25, 26], [25, 27], [27, 28], [27, 30], [31, 32], [31, 33], [45, 46], [45, 56], [47, 48], [47, 49], [49, 50], [49, 51], [52, 53], [52, 54], [56, 57], [56, 63], [57, 58], [57, 59], [59, 60], [59, 61], [64, 65], [64, 66], [66, 67], [66, 68], [69, 70], [69, 74], [72, 73], [72, 74], [79, 80], [79, 81], [82, 83], [82, 84], [86, 87], [86, 91], [88, 89], [88, 91], [91, 92], [91, 101], [92, 93], [92, 94], [94, 95], [94, 96], [96, 97], [96, 98], [98, 91], [98, 99]], "missing_branches": []}}}, "chatmock\\routes_ollama.py": {"executed_lines": [1, 3, 5, 6, 7, 8, 10, 20, 21, 22, 23, 24, 25, 26, 28, 31, 32, 33, 34, 35, 36, 37, 40, 50, 51, 53, 54, 55, 56, 57, 58, 69, 87, 88, 89, 90, 93, 94, 96, 97, 98, 99, 100, 101, 102, 103, 104, 123, 124, 125, 126, 129, 130, 131, 132, 133, 134, 135, 136, 137, 138, 139, 144, 145, 146, 147, 148, 149, 150, 151, 152, 153, 154, 155, 156, 157, 158, 159, 161, 162, 166, 167, 168, 172, 183, 184, 185, 186, 197, 198, 199, 200, 211, 212, 213, 214, 218, 229, 230, 231, 232, 243, 246, 247, 248, 249, 250, 261, 262, 263, 264, 265, 276, 277, 278, 280, 281, 282, 293, 294, 300, 301, 304, 305, 307, 308, 309, 312, 313, 314, 315, 316, 317, 318, 319, 321, 322, 323, 326, 330, 331, 332, 333, 334, 335, 336, 337, 338, 341, 342, 343, 346, 347, 348, 349, 350, 351, 354, 355, 356, 357, 358, 359, 360, 361, 362, 363, 364, 365, 366, 367, 368, 370, 371, 372, 374, 375, 377, 379, 380, 381, 390, 391, 393, 395, 396, 397, 402, 403, 404, 405, 406, 409, 410, 411, 422, 423, 428, 430, 444, 445, 450, 457, 458, 460, 461, 466, 471, 472, 473, 475, 476, 477, 478, 479, 480, 481, 482, 483, 486, 487, 488, 489, 490, 491, 492, 493, 494, 495, 496, 497, 498, 499, 500, 501, 502, 503, 504, 505, 506, 507, 508, 509, 510, 513, 520, 521, 523, 525, 528, 529, 530, 531, 532, 533, 534, 535, 537, 548, 549, 550, 551, 552], "summary": {"covered_lines": 262, "num_statements": 262, "percent_covered": 100.0, "percent_covered_display": "100", "missing_lines": 0, "excluded_lines": 0, "num_branches": 134, "num_partial_branches": 0, "covered_branches": 134, "missing_branches": 0}, "missing_lines": [], "excluded_lines": [], "executed_branches": [[33, 34], [33, 37], [35, 36], [35, 37], [53, 54], [53, 55], [57, 58], [57, 69], [88, 89], [88, 90], [97, 98], [97, 100], [102, 103], [102, 104], [124, 125], [124, 126], [136, 137], [137, 138], [137, 139], [144, 145], [144, 146], [147, 148], [147, 149], [149, 150], [149, 151], [156, 157], [156, 162], [157, 158], [158, 159], [158, 161], [162, 166], [162, 247], [167, 168], [167, 198], [168, 172], [168, 185], [185, 186], [198, 199], [198, 246], [199, 200], [199, 212], [213, 214], [214, 218], [214, 231], [231, 232], [247, 248], [247, 277], [249, 250], [249, 264], [264, 136], [264, 265], [277, 136], [277, 278], [281, 282], [281, 294], [313, 314], [313, 316], [330, 331], [330, 334], [346, 347], [347, 348], [347, 355], [348, 349], [348, 350], [350, 351], [350, 354], [355, 356], [355, 359], [357, 358], [357, 359], [359, 360], [359, 370], [365, 366], [365, 367], [371, 372], [371, 374], [374, 375], [374, 377], [390, 391], [390, 393], [395, 396], [395, 457], [404, 405], [404, 444], [405, 406], [405, 409], [423, 428], [423, 430], [444, 445], [444, 450], [460, 461], [460, 475], [471, 472], [471, 473], [480, 481], [481, 482], [481, 483], [486, 487], [486, 488], [489, 490], [489, 491], [491, 492], [491, 493], [498, 499], [498, 500], [500, 501], [500, 502], [502, 503], [502, 504], [504, 505], [504, 520], [506, 480], [506, 507], [510, 513], [520, 521], [525, 528], [525, 537], [529, 530], [529, 531], [531, 532], [531, 533], [534, 535], [534, 537], [550, 551], [550, 552]], "missing_branches": [], "functions": {"_instructions_for_model": {"executed_lines": [32, 33, 34, 35, 36, 37], "summary": {"covered_lines": 6, "num_statements": 6, "percent_covered": 100.0, "percent_covered_display": "100", "missing_lines": 0, "excluded_lines": 0, "num_branches": 4, "num_partial_branches": 0, "covered_branches": 4, "missing_branches": 0}, "missing_lines": [], "excluded_lines": [], "executed_branches": [[33, 34], [33, 37], [35, 36], [35, 37]], "missing_branches": []}, "ollama_tags": {"executed_lines": [53, 54, 55, 56, 57, 58, 69, 87, 88, 89, 90], "summary": {"covered_lines": 11, "num_statements": 11, "percent_covered": 100.0, "percent_covered_display": "100", "missing_lines": 0, "excluded_lines": 0, "num_branches": 6, "num_partial_branches": 0, "covered_branches": 6, "missing_branches": 0}, "missing_lines": [], "excluded_lines": [], "executed_branches": [[53, 54], [53, 55], [57, 58], [57, 69], [88, 89], [88, 90]], "missing_branches": []}, "ollama_show": {"executed_lines": [96, 97, 98, 99, 100, 101, 102, 103, 104, 123, 124, 125, 126], "summary": {"covered_lines": 13, "num_statements": 13, "percent_covered": 100.0, "percent_covered_display": "100", "missing_lines": 0, "excluded_lines": 0, "num_branches": 6, "num_partial_branches": 0, "covered_branches": 6, "missing_branches": 0}, "missing_lines": [], "excluded_lines": [], "executed_branches": [[97, 98], [97, 100], [102, 103], [102, 104], [124, 125], [124, 126]], "missing_branches": []}, "_ollama_stream_gen": {"executed_lines": [130, 131, 132, 133, 134, 135, 136, 137, 138, 139, 144, 145, 146, 147, 148, 149, 150, 151, 152, 153, 154, 155, 156, 157, 158, 159, 161, 162, 166, 167, 168, 172, 183, 184, 185, 186, 197, 198, 199, 200, 211, 212, 213, 214, 218, 229, 230, 231, 232, 243, 246, 247, 248, 249, 250, 261, 262, 263, 264, 265, 276, 277, 278, 280, 281, 282, 293, 294, 300, 301], "summary": {"covered_lines": 70, "num_statements": 70, "percent_covered": 100.0, "percent_covered_display": "100", "missing_lines": 0, "excluded_lines": 0, "num_branches": 44, "num_partial_branches": 0, "covered_branches": 44, "missing_branches": 0}, "missing_lines": [], "excluded_lines": [], "executed_branches": [[136, 137], [137, 138], [137, 139], [144, 145], [144, 146], [147, 148], [147, 149], [149, 150], [149, 151], [156, 157], [156, 162], [157, 158], [158, 159], [158, 161], [162, 166], [162, 247], [167, 168], [167, 198], [168, 172], [168, 185], [185, 186], [198, 199], [198, 246], [199, 200], [199, 212], [213, 214], [214, 218], [214, 231], [231, 232], [247, 248], [247, 277], [249, 250], [249, 264], [264, 136], [264, 265], [277, 136], [277, 278], [281, 282], [281, 294]], "missing_branches": []}, "ollama_chat": {"executed_lines": [307, 308, 309, 312, 313, 314, 315, 316, 317, 318, 319, 321, 322, 323, 326, 330, 331, 332, 333, 334, 335, 336, 337, 338, 341, 342, 343, 346, 347, 348, 349, 350, 351, 354, 355, 356, 357, 358, 359, 360, 361, 362, 363, 364, 365, 366, 367, 368, 370, 371, 372, 374, 375, 377, 379, 380, 381, 390, 391, 393, 395, 396, 397, 402, 403, 404, 405, 406, 409, 410, 411, 422, 423, 428, 430, 444, 445, 450, 457, 458, 460, 461, 466, 471, 472, 473, 475, 476, 477, 478, 479, 480, 481, 482, 483, 486, 487, 488, 489, 490, 491, 492, 493, 494, 495, 496, 497, 498, 499, 500, 501, 502, 503, 504, 505, 506, 507, 508, 509, 510, 513, 520, 521, 523, 525, 528, 529, 530, 531, 532, 533, 534, 535, 537, 548, 549, 550, 551, 552], "summary": {"covered_lines": 139, "num_statements": 139, "percent_covered": 100.0, "percent_covered_display": "100", "missing_lines": 0, "excluded_lines": 0, "num_branches": 74, "num_partial_branches": 0, "covered_branches": 74, "missing_branches": 0}, "missing_lines": [], "excluded_lines": [], "executed_branches": [[313, 314], [313, 316], [330, 331], [330, 334], [346, 347], [347, 348], [347, 355], [348, 349], [348, 350], [350, 351], [350, 354], [355, 356], [355, 359], [357, 358], [357, 359], [359, 360], [359, 370], [365, 366], [365, 367], [371, 372], [371, 374], [374, 375], [374, 377], [390, 391], [390, 393], [395, 396], [395, 457], [404, 405], [404, 444], [405, 406], [405, 409], [423, 428], [423, 430], [444, 445], [444, 450], [460, 461], [460, 475], [471, 472], [471, 473], [480, 481], [481, 482], [481, 483], [486, 487], [486, 488], [489, 490], [489, 491], [491, 492], [491, 493], [498, 499], [498, 500], [500, 501], [500, 502], [502, 503], [502, 504], [504, 505], [504, 520], [506, 480], [506, 507], [510, 513], [520, 521], [525, 528], [525, 537], [529, 530], [529, 531], [531, 532], [531, 533], [534, 535], [534, 537], [550, 551], [550, 552]], "missing_branches": []}, "": {"executed_lines": [1, 3, 5, 6, 7, 8, 10, 20, 21, 22, 23, 24, 25, 26, 28, 31, 40, 50, 51, 93, 94, 129, 304, 305], "summary": {"covered_lines": 23, "num_statements": 23, "percent_covered": 100.0, "percent_covered_display": "100", "missing_lines": 0, "excluded_lines": 0, "num_branches": 0, "num_partial_branches": 0, "covered_branches": 0, "missing_branches": 0}, "missing_lines": [], "excluded_lines": [], "executed_branches": [], "missing_branches": []}}, "classes": {"": {"executed_lines": [1, 3, 5, 6, 7, 8, 10, 20, 21, 22, 23, 24, 25, 26, 28, 31, 32, 33, 34, 35, 36, 37, 40, 50, 51, 53, 54, 55, 56, 57, 58, 69, 87, 88, 89, 90, 93, 94, 96, 97, 98, 99, 100, 101, 102, 103, 104, 123, 124, 125, 126, 129, 130, 131, 132, 133, 134, 135, 136, 137, 138, 139, 144, 145, 146, 147, 148, 149, 150, 151, 152, 153, 154, 155, 156, 157, 158, 159, 161, 162, 166, 167, 168, 172, 183, 184, 185, 186, 197, 198, 199, 200, 211, 212, 213, 214, 218, 229, 230, 231, 232, 243, 246, 247, 248, 249, 250, 261, 262, 263, 264, 265, 276, 277, 278, 280, 281, 282, 293, 294, 300, 301, 304, 305, 307, 308, 309, 312, 313, 314, 315, 316, 317, 318, 319, 321, 322, 323, 326, 330, 331, 332, 333, 334, 335, 336, 337, 338, 341, 342, 343, 346, 347, 348, 349, 350, 351, 354, 355, 356, 357, 358, 359, 360, 361, 362, 363, 364, 365, 366, 367, 368, 370, 371, 372, 374, 375, 377, 379, 380, 381, 390, 391, 393, 395, 396, 397, 402, 403, 404, 405, 406, 409, 410, 411, 422, 423, 428, 430, 444, 445, 450, 457, 458, 460, 461, 466, 471, 472, 473, 475, 476, 477, 478, 479, 480, 481, 482, 483, 486, 487, 488, 489, 490, 491, 492, 493, 494, 495, 496, 497, 498, 499, 500, 501, 502, 503, 504, 505, 506, 507, 508, 509, 510, 513, 520, 521, 523, 525, 528, 529, 530, 531, 532, 533, 534, 535, 537, 548, 549, 550, 551, 552], "summary": {"covered_lines": 262, "num_statements": 262, "percent_covered": 100.0, "percent_covered_display": "100", "missing_lines": 0, "excluded_lines": 0, "num_branches": 134, "num_partial_branches": 0, "covered_branches": 134, "missing_branches": 0}, "missing_lines": [], "excluded_lines": [], "executed_branches": [[33, 34], [33, 37], [35, 36], [35, 37], [53, 54], [53, 55], [57, 58], [57, 69], [88, 89], [88, 90], [97, 98], [97, 100], [102, 103], [102, 104], [124, 125], [124, 126], [136, 137], [137, 138], [137, 139], [144, 145], [144, 146], [147, 148], [147, 149], [149, 150], [149, 151], [156, 157], [156, 162], [157, 158], [158, 159], [158, 161], [162, 166], [162, 247], [167, 168], [167, 198], [168, 172], [168, 185], [185, 186], [198, 199], [198, 246], [199, 200], [199, 212], [213, 214], [214, 218], [214, 231], [231, 232], [247, 248], [247, 277], [249, 250], [249, 264], [264, 136], [264, 265], [277, 136], [277, 278], [281, 282], [281, 294], [313, 314], [313, 316], [330, 331], [330, 334], [346, 347], [347, 348], [347, 355], [348, 349], [348, 350], [350, 351], [350, 354], [355, 356], [355, 359], [357, 358], [357, 359], [359, 360], [359, 370], [365, 366], [365, 367], [371, 372], [371, 374], [374, 375], [374, 377], [390, 391], [390, 393], [395, 396], [395, 457], [404, 405], [404, 444], [405, 406], [405, 409], [423, 428], [423, 430], [444, 445], [444, 450], [460, 461], [460, 475], [471, 472], [471, 473], [480, 481], [481, 482], [481, 483], [486, 487], [486, 488], [489, 490], [489, 491], [491, 492], [491, 493], [498, 499], [498, 500], [500, 501], [500, 502], [502, 503], [502, 504], [504, 505], [504, 520], [506, 480], [506, 507], [510, 513], [520, 521], [525, 528], [525, 537], [529, 530], [529, 531], [531, 532], [531, 533], [534, 535], [534, 537], [550, 551], [550, 552]], "missing_branches": []}}}, "chatmock\\routes_openai.py": {"executed_lines": [1, 3, 5, 6, 7, 8, 10, 12, 13, 14, 15, 20, 21, 28, 29, 31, 34, 35, 36, 37, 38, 39, 40, 43, 44, 46, 47, 48, 49, 50, 52, 53, 54, 56, 57, 58, 59, 60, 61, 62, 63, 65, 66, 67, 68, 69, 70, 71, 72, 73, 74, 75, 78, 82, 83, 84, 85, 86, 87, 90, 92, 93, 94, 95, 98, 99, 100, 101, 102, 103, 104, 105, 119, 121, 122, 123, 124, 126, 127, 128, 129, 130, 131, 132, 133, 141, 142, 144, 145, 146, 148, 149, 150, 158, 159, 162, 166, 175, 176, 178, 180, 181, 182, 183, 184, 187, 188, 190, 191, 192, 193, 194, 199, 200, 201, 205, 206, 207, 216, 217, 222, 225, 228, 229, 230, 231, 232, 237, 251, 252, 253, 266, 267, 281, 282, 283, 285, 286, 287, 288, 289, 290, 291, 293, 294, 295, 296, 297, 298, 299, 300, 301, 302, 304, 306, 307, 308, 309, 310, 313, 314, 315, 316, 317, 318, 319, 320, 321, 322, 323, 324, 325, 326, 327, 328, 329, 330, 331, 332, 333, 334, 335, 336, 337, 338, 339, 340, 341, 342, 345, 352, 353, 356, 357, 359, 361, 362, 363, 364, 365, 367, 368, 369, 370, 373, 387, 388, 389, 390, 393, 394, 396, 397, 398, 399, 401, 402, 403, 404, 405, 407, 408, 409, 410, 411, 412, 413, 414, 415, 418, 420, 421, 423, 424, 427, 430, 436, 437, 439, 441, 442, 443, 444, 449, 450, 451, 464, 465, 478, 479, 480, 482, 483, 484, 486, 487, 488, 489, 490, 491, 492, 493, 494, 495, 497, 499, 500, 501, 502, 503, 508, 509, 510, 511, 512, 513, 514, 515, 516, 517, 518, 519, 522, 523, 524, 525, 526, 527, 528, 529, 530, 532, 534, 542, 543, 544, 545, 548, 549, 551, 552, 557, 558, 559, 560, 561, 562, 563, 564, 565, 566, 567], "summary": {"covered_lines": 311, "num_statements": 311, "percent_covered": 100.0, "percent_covered_display": "100", "missing_lines": 0, "excluded_lines": 0, "num_branches": 132, "num_partial_branches": 0, "covered_branches": 132, "missing_branches": 0}, "missing_lines": [], "excluded_lines": [], "executed_branches": [[36, 37], [36, 40], [38, 39], [38, 40], [52, 53], [52, 56], [68, 69], [68, 70], [70, 71], [70, 72], [72, 73], [72, 74], [74, 75], [74, 78], [82, 83], [82, 86], [100, 101], [101, 102], [101, 121], [102, 103], [102, 104], [104, 105], [104, 119], [121, 122], [121, 126], [123, 124], [123, 126], [126, 127], [126, 144], [132, 133], [132, 141], [145, 146], [145, 148], [149, 150], [149, 158], [175, 176], [175, 178], [181, 182], [181, 266], [199, 200], [199, 251], [200, 201], [200, 205], [217, 222], [217, 225], [251, 252], [251, 253], [266, 267], [266, 285], [281, 282], [281, 283], [296, 297], [296, 298], [307, 308], [307, 359], [308, 309], [308, 310], [313, 314], [313, 315], [316, 317], [316, 318], [318, 319], [318, 320], [326, 327], [326, 328], [328, 329], [328, 330], [330, 331], [330, 332], [332, 333], [332, 334], [334, 335], [334, 336], [336, 337], [336, 352], [338, 307], [338, 339], [342, 345], [352, 353], [352, 356], [356, 357], [361, 362], [361, 367], [363, 364], [363, 365], [368, 369], [368, 370], [388, 389], [388, 390], [410, 411], [410, 412], [412, 413], [412, 414], [436, 437], [436, 439], [442, 443], [442, 464], [464, 465], [464, 482], [478, 479], [478, 480], [489, 490], [489, 491], [500, 501], [501, 502], [501, 503], [508, 509], [508, 510], [511, 512], [511, 515], [512, 513], [512, 514], [519, 522], [519, 523], [524, 525], [524, 526], [527, 528], [527, 529], [529, 530], [543, 544], [543, 545], [558, 559], [558, 562], [560, 558], [560, 561], [565, 566], [565, 567]], "missing_branches": [], "functions": {"_instructions_for_model": {"executed_lines": [35, 36, 37, 38, 39, 40], "summary": {"covered_lines": 6, "num_statements": 6, "percent_covered": 100.0, "percent_covered_display": "100", "missing_lines": 0, "excluded_lines": 0, "num_branches": 4, "num_partial_branches": 0, "covered_branches": 4, "missing_branches": 0}, "missing_lines": [], "excluded_lines": [], "executed_branches": [[36, 37], [36, 40], [38, 39], [38, 40]], "missing_branches": []}, "chat_completions": {"executed_lines": [46, 47, 48, 49, 50, 52, 53, 54, 56, 57, 58, 59, 60, 61, 62, 63, 65, 66, 67, 68, 69, 70, 71, 72, 73, 74, 75, 78, 82, 83, 84, 85, 86, 87, 90, 92, 93, 94, 95, 98, 99, 100, 101, 102, 103, 104, 105, 119, 121, 122, 123, 124, 126, 127, 128, 129, 130, 131, 132, 133, 141, 142, 144, 145, 146, 148, 149, 150, 158, 159, 162, 166, 175, 176, 178, 180, 181, 182, 183, 184, 187, 188, 190, 191, 192, 193, 194, 199, 200, 201, 205, 206, 207, 216, 217, 222, 225, 228, 229, 230, 231, 232, 237, 251, 252, 253, 266, 267, 281, 282, 283, 285, 286, 287, 288, 289, 290, 291, 293, 306, 307, 308, 309, 310, 313, 314, 315, 316, 317, 318, 319, 320, 321, 322, 323, 324, 325, 326, 327, 328, 329, 330, 331, 332, 333, 334, 335, 336, 337, 338, 339, 340, 341, 342, 345, 352, 353, 356, 357, 359, 361, 362, 363, 364, 365, 367, 368, 369, 370, 373, 387, 388, 389, 390], "summary": {"covered_lines": 174, "num_statements": 174, "percent_covered": 100.0, "percent_covered_display": "100", "missing_lines": 0, "excluded_lines": 0, "num_branches": 86, "num_partial_branches": 0, "covered_branches": 86, "missing_branches": 0}, "missing_lines": [], "excluded_lines": [], "executed_branches": [[52, 53], [52, 56], [68, 69], [68, 70], [70, 71], [70, 72], [72, 73], [72, 74], [74, 75], [74, 78], [82, 83], [82, 86], [100, 101], [101, 102], [101, 121], [102, 103], [102, 104], [104, 105], [104, 119], [121, 122], [121, 126], [123, 124], [123, 126], [126, 127], [126, 144], [132, 133], [132, 141], [145, 146], [145, 148], [149, 150], [149, 158], [175, 176], [175, 178], [181, 182], [181, 266], [199, 200], [199, 251], [200, 201], [200, 205], [217, 222], [217, 225], [251, 252], [251, 253], [266, 267], [266, 285], [281, 282], [281, 283], [307, 308], [307, 359], [308, 309], [308, 310], [313, 314], [313, 315], [316, 317], [316, 318], [318, 319], [318, 320], [326, 327], [326, 328], [328, 329], [328, 330], [330, 331], [330, 332], [332, 333], [332, 334], [334, 335], [334, 336], [336, 337], [336, 352], [338, 307], [338, 339], [342, 345], [352, 353], [352, 356], [356, 357], [361, 362], [361, 367], [363, 364], [363, 365], [368, 369], [368, 370], [388, 389], [388, 390]], "missing_branches": []}, "chat_completions._extract_usage": {"executed_lines": [294, 295, 296, 297, 298, 299, 300, 301, 302, 304], "summary": {"covered_lines": 10, "num_statements": 10, "percent_covered": 100.0, "percent_covered_display": "100", "missing_lines": 0, "excluded_lines": 0, "num_branches": 2, "num_partial_branches": 0, "covered_branches": 2, "missing_branches": 0}, "missing_lines": [], "excluded_lines": [], "executed_branches": [[296, 297], [296, 298]], "missing_branches": []}, "completions": {"executed_lines": [396, 397, 398, 399, 401, 402, 403, 404, 405, 407, 408, 409, 410, 411, 412, 413, 414, 415, 418, 420, 421, 423, 424, 427, 430, 436, 437, 439, 441, 442, 443, 444, 449, 450, 451, 464, 465, 478, 479, 480, 482, 483, 484, 486, 499, 500, 501, 502, 503, 508, 509, 510, 511, 512, 513, 514, 515, 516, 517, 518, 519, 522, 523, 524, 525, 526, 527, 528, 529, 530, 532, 534, 542, 543, 544, 545], "summary": {"covered_lines": 76, "num_statements": 76, "percent_covered": 100.0, "percent_covered_display": "100", "missing_lines": 0, "excluded_lines": 0, "num_branches": 32, "num_partial_branches": 0, "covered_branches": 32, "missing_branches": 0}, "missing_lines": [], "excluded_lines": [], "executed_branches": [[410, 411], [410, 412], [412, 413], [412, 414], [436, 437], [436, 439], [442, 443], [442, 464], [464, 465], [464, 482], [478, 479], [478, 480], [500, 501], [501, 502], [501, 503], [508, 509], [508, 510], [511, 512], [511, 515], [512, 513], [512, 514], [519, 522], [519, 523], [524, 525], [524, 526], [527, 528], [527, 529], [529, 530], [543, 544], [543, 545]], "missing_branches": []}, "completions._extract_usage": {"executed_lines": [487, 488, 489, 490, 491, 492, 493, 494, 495, 497], "summary": {"covered_lines": 10, "num_statements": 10, "percent_covered": 100.0, "percent_covered_display": "100", "missing_lines": 0, "excluded_lines": 0, "num_branches": 2, "num_partial_branches": 0, "covered_branches": 2, "missing_branches": 0}, "missing_lines": [], "excluded_lines": [], "executed_branches": [[489, 490], [489, 491]], "missing_branches": []}, "list_models": {"executed_lines": [551, 552, 557, 558, 559, 560, 561, 562, 563, 564, 565, 566, 567], "summary": {"covered_lines": 13, "num_statements": 13, "percent_covered": 100.0, "percent_covered_display": "100", "missing_lines": 0, "excluded_lines": 0, "num_branches": 6, "num_partial_branches": 0, "covered_branches": 6, "missing_branches": 0}, "missing_lines": [], "excluded_lines": [], "executed_branches": [[558, 559], [558, 562], [560, 558], [560, 561], [565, 566], [565, 567]], "missing_branches": []}, "": {"executed_lines": [1, 3, 5, 6, 7, 8, 10, 12, 13, 14, 15, 20, 21, 28, 29, 31, 34, 43, 44, 393, 394, 548, 549], "summary": {"covered_lines": 22, "num_statements": 22, "percent_covered": 100.0, "percent_covered_display": "100", "missing_lines": 0, "excluded_lines": 0, "num_branches": 0, "num_partial_branches": 0, "covered_branches": 0, "missing_branches": 0}, "missing_lines": [], "excluded_lines": [], "executed_branches": [], "missing_branches": []}}, "classes": {"": {"executed_lines": [1, 3, 5, 6, 7, 8, 10, 12, 13, 14, 15, 20, 21, 28, 29, 31, 34, 35, 36, 37, 38, 39, 40, 43, 44, 46, 47, 48, 49, 50, 52, 53, 54, 56, 57, 58, 59, 60, 61, 62, 63, 65, 66, 67, 68, 69, 70, 71, 72, 73, 74, 75, 78, 82, 83, 84, 85, 86, 87, 90, 92, 93, 94, 95, 98, 99, 100, 101, 102, 103, 104, 105, 119, 121, 122, 123, 124, 126, 127, 128, 129, 130, 131, 132, 133, 141, 142, 144, 145, 146, 148, 149, 150, 158, 159, 162, 166, 175, 176, 178, 180, 181, 182, 183, 184, 187, 188, 190, 191, 192, 193, 194, 199, 200, 201, 205, 206, 207, 216, 217, 222, 225, 228, 229, 230, 231, 232, 237, 251, 252, 253, 266, 267, 281, 282, 283, 285, 286, 287, 288, 289, 290, 291, 293, 294, 295, 296, 297, 298, 299, 300, 301, 302, 304, 306, 307, 308, 309, 310, 313, 314, 315, 316, 317, 318, 319, 320, 321, 322, 323, 324, 325, 326, 327, 328, 329, 330, 331, 332, 333, 334, 335, 336, 337, 338, 339, 340, 341, 342, 345, 352, 353, 356, 357, 359, 361, 362, 363, 364, 365, 367, 368, 369, 370, 373, 387, 388, 389, 390, 393, 394, 396, 397, 398, 399, 401, 402, 403, 404, 405, 407, 408, 409, 410, 411, 412, 413, 414, 415, 418, 420, 421, 423, 424, 427, 430, 436, 437, 439, 441, 442, 443, 444, 449, 450, 451, 464, 465, 478, 479, 480, 482, 483, 484, 486, 487, 488, 489, 490, 491, 492, 493, 494, 495, 497, 499, 500, 501, 502, 503, 508, 509, 510, 511, 512, 513, 514, 515, 516, 517, 518, 519, 522, 523, 524, 525, 526, 527, 528, 529, 530, 532, 534, 542, 543, 544, 545, 548, 549, 551, 552, 557, 558, 559, 560, 561, 562, 563, 564, 565, 566, 567], "summary": {"covered_lines": 311, "num_statements": 311, "percent_covered": 100.0, "percent_covered_display": "100", "missing_lines": 0, "excluded_lines": 0, "num_branches": 132, "num_partial_branches": 0, "covered_branches": 132, "missing_branches": 0}, "missing_lines": [], "excluded_lines": [], "executed_branches": [[36, 37], [36, 40], [38, 39], [38, 40], [52, 53], [52, 56], [68, 69], [68, 70], [70, 71], [70, 72], [72, 73], [72, 74], [74, 75], [74, 78], [82, 83], [82, 86], [100, 101], [101, 102], [101, 121], [102, 103], [102, 104], [104, 105], [104, 119], [121, 122], [121, 126], [123, 124], [123, 126], [126, 127], [126, 144], [132, 133], [132, 141], [145, 146], [145, 148], [149, 150], [149, 158], [175, 176], [175, 178], [181, 182], [181, 266], [199, 200], [199, 251], [200, 201], [200, 205], [217, 222], [217, 225], [251, 252], [251, 253], [266, 267], [266, 285], [281, 282], [281, 283], [296, 297], [296, 298], [307, 308], [307, 359], [308, 309], [308, 310], [313, 314], [313, 315], [316, 317], [316, 318], [318, 319], [318, 320], [326, 327], [326, 328], [328, 329], [328, 330], [330, 331], [330, 332], [332, 333], [332, 334], [334, 335], [334, 336], [336, 337], [336, 352], [338, 307], [338, 339], [342, 345], [352, 353], [352, 356], [356, 357], [361, 362], [361, 367], [363, 364], [363, 365], [368, 369], [368, 370], [388, 389], [388, 390], [410, 411], [410, 412], [412, 413], [412, 414], [436, 437], [436, 439], [442, 443], [442, 464], [464, 465], [464, 482], [478, 479], [478, 480], [489, 490], [489, 491], [500, 501], [501, 502], [501, 503], [508, 509], [508, 510], [511, 512], [511, 515], [512, 513], [512, 514], [519, 522], [519, 523], [524, 525], [524, 526], [527, 528], [527, 529], [529, 530], [543, 544], [543, 545], [558, 559], [558, 562], [560, 558], [560, 561], [565, 566], [565, 567]], "missing_branches": []}}}, "chatmock\\session.py": {"executed_lines": [1, 3, 5, 6, 7, 8, 9, 11, 12, 13, 14, 17, 21, 22, 23, 24, 25, 26, 27, 28, 29, 30, 31, 32, 33, 34, 35, 36, 37, 38, 39, 40, 41, 42, 43, 44, 45, 46, 47, 50, 52, 53, 54, 55, 56, 57, 58, 61, 63, 66, 68, 69, 70, 71, 72, 73, 74, 77, 83, 84, 86, 87, 88, 89, 90, 91, 92, 93], "summary": {"covered_lines": 67, "num_statements": 67, "percent_covered": 100.0, "percent_covered_display": "100", "missing_lines": 0, "excluded_lines": 0, "num_branches": 36, "num_partial_branches": 0, "covered_branches": 36, "missing_branches": 0}, "missing_lines": [], "excluded_lines": [], "executed_branches": [[21, 22], [21, 47], [22, 23], [22, 24], [24, 25], [24, 26], [27, 28], [27, 29], [30, 31], [30, 32], [33, 34], [33, 45], [34, 35], [34, 36], [37, 38], [37, 41], [39, 33], [39, 40], [41, 42], [43, 33], [43, 44], [45, 21], [45, 46], [53, 54], [53, 55], [56, 57], [56, 58], [68, 69], [68, 70], [72, -66], [72, 73], [83, 84], [83, 86], [89, 90], [89, 91]], "missing_branches": [], "functions": {"_canonicalize_first_user_message": {"executed_lines": [21, 22, 23, 24, 25, 26, 27, 28, 29, 30, 31, 32, 33, 34, 35, 36, 37, 38, 39, 40, 41, 42, 43, 44, 45, 46, 47], "summary": {"covered_lines": 27, "num_statements": 27, "percent_covered": 100.0, "percent_covered_display": "100", "missing_lines": 0, "excluded_lines": 0, "num_branches": 24, "num_partial_branches": 0, "covered_branches": 24, "missing_branches": 0}, "missing_lines": [], "excluded_lines": [], "executed_branches": [[21, 22], [21, 47], [22, 23], [22, 24], [24, 25], [24, 26], [27, 28], [27, 29], [30, 31], [30, 32], [33, 34], [33, 45], [34, 35], [34, 36], [37, 38], [37, 41], [39, 33], [39, 40], [41, 42], [43, 33], [43, 44], [45, 21], [45, 46]], "missing_branches": []}, "canonicalize_prefix": {"executed_lines": [52, 53, 54, 55, 56, 57, 58], "summary": {"covered_lines": 7, "num_statements": 7, "percent_covered": 100.0, "percent_covered_display": "100", "missing_lines": 0, "excluded_lines": 0, "num_branches": 4, "num_partial_branches": 0, "covered_branches": 4, "missing_branches": 0}, "missing_lines": [], "excluded_lines": [], "executed_branches": [[53, 54], [53, 55], [56, 57], [56, 58]], "missing_branches": []}, "_fingerprint": {"executed_lines": [63], "summary": {"covered_lines": 1, "num_statements": 1, "percent_covered": 100.0, "percent_covered_display": "100", "missing_lines": 0, "excluded_lines": 0, "num_branches": 0, "num_partial_branches": 0, "covered_branches": 0, "missing_branches": 0}, "missing_lines": [], "excluded_lines": [], "executed_branches": [], "missing_branches": []}, "_remember": {"executed_lines": [68, 69, 70, 71, 72, 73, 74], "summary": {"covered_lines": 7, "num_statements": 7, "percent_covered": 100.0, "percent_covered_display": "100", "missing_lines": 0, "excluded_lines": 0, "num_branches": 4, "num_partial_branches": 0, "covered_branches": 4, "missing_branches": 0}, "missing_lines": [], "excluded_lines": [], "executed_branches": [[68, 69], [68, 70], [72, -66], [72, 73]], "missing_branches": []}, "ensure_session_id": {"executed_lines": [83, 84, 86, 87, 88, 89, 90, 91, 92, 93], "summary": {"covered_lines": 10, "num_statements": 10, "percent_covered": 100.0, "percent_covered_display": "100", "missing_lines": 0, "excluded_lines": 0, "num_branches": 4, "num_partial_branches": 0, "covered_branches": 4, "missing_branches": 0}, "missing_lines": [], "excluded_lines": [], "executed_branches": [[83, 84], [83, 86], [89, 90], [89, 91]], "missing_branches": []}, "": {"executed_lines": [1, 3, 5, 6, 7, 8, 9, 11, 12, 13, 14, 17, 50, 61, 66, 77], "summary": {"covered_lines": 15, "num_statements": 15, "percent_covered": 100.0, "percent_covered_display": "100", "missing_lines": 0, "excluded_lines": 0, "num_branches": 0, "num_partial_branches": 0, "covered_branches": 0, "missing_branches": 0}, "missing_lines": [], "excluded_lines": [], "executed_branches": [], "missing_branches": []}}, "classes": {"": {"executed_lines": [1, 3, 5, 6, 7, 8, 9, 11, 12, 13, 14, 17, 21, 22, 23, 24, 25, 26, 27, 28, 29, 30, 31, 32, 33, 34, 35, 36, 37, 38, 39, 40, 41, 42, 43, 44, 45, 46, 47, 50, 52, 53, 54, 55, 56, 57, 58, 61, 63, 66, 68, 69, 70, 71, 72, 73, 74, 77, 83, 84, 86, 87, 88, 89, 90, 91, 92, 93], "summary": {"covered_lines": 67, "num_statements": 67, "percent_covered": 100.0, "percent_covered_display": "100", "missing_lines": 0, "excluded_lines": 0, "num_branches": 36, "num_partial_branches": 0, "covered_branches": 36, "missing_branches": 0}, "missing_lines": [], "excluded_lines": [], "executed_branches": [[21, 22], [21, 47], [22, 23], [22, 24], [24, 25], [24, 26], [27, 28], [27, 29], [30, 31], [30, 32], [33, 34], [33, 45], [34, 35], [34, 36], [37, 38], [37, 41], [39, 33], [39, 40], [41, 42], [43, 33], [43, 44], [45, 21], [45, 46], [53, 54], [53, 55], [56, 57], [56, 58], [68, 69], [68, 70], [72, -66], [72, 73], [83, 84], [83, 86], [89, 90], [89, 91]], "missing_branches": []}}}, "chatmock\\transform.py": {"executed_lines": [1, 3, 5, 6, 9, 11, 12, 13, 14, 15, 16, 17, 18, 19, 20, 21, 22, 23, 24, 25, 26, 29, 33, 34, 35, 36, 37, 38, 39, 40, 41, 43, 44, 45, 46, 47, 56, 57, 58, 59, 60, 61, 62, 63, 65, 66, 67, 68, 69, 70, 71, 72, 73, 74, 75, 76, 77, 78, 79, 80, 92, 93, 95, 96, 97, 98, 99, 100, 102, 104, 105, 106, 107, 108, 109, 110, 111, 112, 113, 114, 115, 116, 117, 118, 121, 123, 124, 125, 126, 127, 128, 129, 130, 131, 132, 133, 134, 146, 147, 148, 149, 159], "summary": {"covered_lines": 101, "num_statements": 101, "percent_covered": 100.0, "percent_covered_display": "100", "missing_l
[...]
d_branches": [[38, 39], [38, 40]], "missing_branches": []}, "read_auth_file": {"executed_lines": [45, 51, 52, 53, 54, 55, 56, 57, 58, 59, 60, 62, 63], "summary": {"covered_lines": 13, "num_statements": 13, "percent_covered": 100.0, "percent_covered_display": "100", "missing_lines": 0, "excluded_lines": 0, "num_branches": 4, "num_partial_branches": 0, "covered_branches": 4, "missing_branches": 0}, "missing_lines": [], "excluded_lines": [], "executed_branches": [[45, 51], [45, 63], [51, 52], [51, 53]], "missing_branches": []}, "write_auth_file": {"executed_lines": [68, 69, 70, 71, 72, 73, 74, 75, 76, 77, 78, 79, 80, 81, 82, 84], "summary": {"covered_lines": 16, "num_statements": 16, "percent_covered": 100.0, "percent_covered_display": "100", "missing_lines": 0, "excluded_lines": 0, "num_branches": 0, "num_partial_branches": 0, "covered_branches": 0, "missing_branches": 0}, "missing_lines": [], "excluded_lines": [], "executed_branches": [], "missing_branches": []}, "parse_jwt_claims": {"executed_lines": [92, 93, 94, 95, 96, 97, 98, 99, 100, 102], "summary": {"covered_lines": 10, "num_statements": 10, "percent_covered": 100.0, "percent_covered_display": "100", "missing_lines": 0, "excluded_lines": 0, "num_branches": 2, "num_partial_branches": 0, "covered_branches": 2, "missing_branches": 0}, "missing_lines": [], "excluded_lines": [], "executed_branches": [[92, 93], [92, 94]], "missing_branches": []}, "generate_pkce": {"executed_lines": [107, 108, 109, 110], "summary": {"covered_lines": 4, "num_statements": 4, "percent_covered": 100.0, "percent_covered_display": "100", "missing_lines": 0, "excluded_lines": 0, "num_branches": 0, "num_partial_branches": 0, "covered_branches": 0, "missing_branches": 0}, "missing_lines": [], "excluded_lines": [], "executed_branches": [], "missing_branches": []}, "convert_chat_messages_to_responses_input": {"executed_lines": [118, 140, 141, 142, 143, 144, 146, 147, 148, 149, 150, 151, 152, 153, 154, 155, 156, 157, 158, 159, 166, 167, 168, 169, 170, 171, 172, 173, 174, 175, 176, 177, 178, 179, 188, 189, 190, 191, 192, 193, 194, 195, 196, 197, 198, 199, 200, 201, 202, 203, 204, 207, 208, 209, 211, 212, 213, 214, 215], "summary": {"covered_lines": 59, "num_statements": 59, "percent_covered": 100.0, "percent_covered_display": "100", "missing_lines": 0, "excluded_lines": 0, "num_branches": 46, "num_partial_branches": 0, "covered_branches": 46, "missing_branches": 0}, "missing_lines": [], "excluded_lines": [], "executed_branches": [[141, 142], [141, 215], [143, 144], [143, 146], [146, 147], [146, 167], [148, 149], [148, 166], [150, 151], [150, 158], [152, 153], [152, 157], [153, 152], [153, 154], [155, 152], [155, 156], [158, 159], [158, 166], [167, 168], [167, 188], [168, 169], [168, 188], [169, 170], [169, 171], [172, 173], [172, 174], [178, 168], [178, 179], [190, 191], [190, 207], [191, 192], [191, 211], [192, 193], [192, 194], [195, 196], [195, 200], [197, 191], [197, 198], [200, 191], [200, 201], [203, 191], [203, 204], [207, 208], [207, 211], [211, 212], [211, 213]], "missing_branches": []}, "convert_chat_messages_to_responses_input._normalize_image_data_url": {"executed_lines": [119, 120, 121, 122, 123, 124, 125, 126, 127, 128, 129, 130, 131, 133, 134, 136, 138], "summary": {"covered_lines": 17, "num_statements": 17, "percent_covered": 100.0, "percent_covered_display": "100", "missing_lines": 0, "excluded_lines": 0, "num_branches": 6, "num_partial_branches": 0, "covered_branches": 6, "missing_branches": 0}, "missing_lines": [], "excluded_lines": [], "executed_branches": [[120, 121], [120, 122], [122, 123], [122, 124], [130, 131], [130, 133]], "missing_branches": []}, "convert_tools_chat_to_responses": {"executed_lines": [220, 221, 222, 223, 224, 225, 226, 227, 228, 229, 230, 231, 232, 233, 234, 235, 236, 245], "summary": {"covered_lines": 18, "num_statements": 18, "percent_covered": 100.0, "percent_covered_display": "100", "missing_lines": 0, "excluded_lines": 0, "num_branches": 12, "num_partial_branches": 0, "covered_branches": 12, "missing_branches": 0}, "missing_lines": [], "excluded_lines": [], "executed_branches": [[221, 222], [221, 223], [223, 224], [223, 245], [224, 225], [224, 226], [226, 227], [226, 228], [230, 231], [230, 232], [234, 235], [234, 236]], "missing_branches": []}, "load_chatgpt_tokens": {"executed_lines": [250, 251, 252, 254, 255, 256, 257, 258, 259, 261, 262, 263, 264, 265, 266, 267, 268, 269, 271, 272, 273, 274, 275, 276, 277, 278, 279, 281, 282, 283, 285, 287, 288, 290, 291, 292, 293], "summary": {"covered_lines": 37, "num_statements": 37, "percent_covered": 100.0, "percent_covered_display": "100", "missing_lines": 0, "excluded_lines": 0, "num_branches": 20, "num_partial_branches": 0, "covered_branches": 20, "missing_branches": 0}, "missing_lines": [], "excluded_lines": [], "executed_branches": [[251, 252], [251, 254], [261, 262], [261, 287], [263, 264], [263, 287], [265, 266], [272, 273], [274, 275], [276, 277], [278, 279], [282, 283], [282, 285], [287, 288], [287, 290]], "missing_branches": []}, "_should_refresh_access_token": {"executed_lines": [297, 298, 300, 301, 302, 303, 304, 305, 306, 307, 308, 309, 311, 312, 313, 314, 315], "summary": {"covered_lines": 17, "num_statements": 17, "percent_covered": 100.0, "percent_covered_display": "100", "missing_lines": 0, "excluded_lines": 0, "num_branches": 10, "num_partial_branches": 0, "covered_branches": 10, "missing_branches": 0}, "missing_lines": [], "excluded_lines": [], "executed_branches": [[297, 298], [297, 300], [303, 304], [303, 311], [308, 309], [308, 311], [311, 312], [311, 315], [313, 314]], "missing_branches": []}, "_refresh_chatgpt_tokens": {"executed_lines": [319, 326, 327, 328, 329, 330, 332, 333, 334, 336, 337, 338, 339, 340, 342, 343, 344, 345, 346, 347, 349, 350, 355], "summary": {"covered_lines": 23, "num_statements": 23, "percent_covered": 100.0, "percent_covered_display": "100", "missing_lines": 0, "excluded_lines": 0, "num_branches": 4, "num_partial_branches": 0, "covered_branches": 4, "missing_branches": 0}, "missing_lines": [], "excluded_lines": [], "executed_branches": [[332, 333], [332, 336], [345, 346], [345, 349]], "missing_branches": []}, "_persist_refreshed_auth": {"executed_lines": [366, 367, 368, 369, 370, 371, 372], "summary": {"covered_lines": 7, "num_statements": 7, "percent_covered": 100.0, "percent_covered_display": "100", "missing_lines": 0, "excluded_lines": 0, "num_branches": 2, "num_partial_branches": 0, "covered_branches": 2, "missing_branches": 0}, "missing_lines": [], "excluded_lines": [], "executed_branches": [[369, 370], [369, 371]], "missing_branches": []}, "_derive_account_id": {"executed_lines": [376, 377, 378, 379, 380, 381, 382, 383, 384], "summary": {"covered_lines": 9, "num_statements": 9, "percent_covered": 100.0, "percent_covered_display": "100", "missing_lines": 0, "excluded_lines": 0, "num_branches": 6, "num_partial_branches": 0, "covered_branches": 6, "missing_branches": 0}, "missing_lines": [], "excluded_lines": [], "executed_branches": [[376, 377], [376, 378], [380, 381], [380, 384], [382, 383], [382, 384]], "missing_branches": []}, "_parse_iso8601": {"executed_lines": [388, 389, 390, 391, 392, 393, 394, 395, 396], "summary": {"covered_lines": 9, "num_statements": 9, "percent_covered": 100.0, "percent_covered_display": "100", "missing_lines": 0, "excluded_lines": 0, "num_branches": 4, "num_partial_branches": 0, "covered_branches": 4, "missing_branches": 0}, "missing_lines": [], "excluded_lines": [], "executed_branches": [[389, 390], [389, 391], [392, 393], [392, 394]], "missing_branches": []}, "_now_iso8601": {"executed_lines": [400], "summary": {"covered_lines": 1, "num_statements": 1, "percent_covered": 100.0, "percent_covered_display": "100", "missing_lines": 0, "excluded_lines": 0, "num_branches": 0, "num_partial_branches": 0, "covered_branches": 0, "missing_branches": 0}, "missing_lines": [], "excluded_lines": [], "executed_branches": [], "missing_branches": []}, "get_effective_chatgpt_auth": {"executed_lines": [405, 406, 407, 408], "summary": {"covered_lines": 4, "num_statements": 4, "percent_covered": 100.0, "percent_covered_display": "100", "missing_lines": 0, "excluded_lines": 0, "num_branches": 2, "num_partial_branches": 0, "covered_branches": 2, "missing_branches": 0}, "missing_lines": [], "excluded_lines": [], "executed_branches": [[406, 407], [406, 408]], "missing_branches": []}, "_serialize_tool_args": {"executed_lines": [413, 414, 415, 416, 417, 418, 419, 420, 421, 422, 423, 425, 426, 428], "summary": {"covered_lines": 14, "num_statements": 14, "percent_covered": 100.0, "percent_covered_display": "100", "missing_lines": 0, "excluded_lines": 0, "num_branches": 6, "num_partial_branches": 0, "covered_branches": 6, "missing_branches": 0}, "missing_lines": [], "excluded_lines": [], "executed_branches": [[414, 415], [414, 416], [416, 417], [416, 425], [419, 420], [419, 421]], "missing_branches": []}, "sse_translate_chat": {"executed_lines": [442, 443, 444, 445, 446, 447, 448, 449, 450, 451, 453, 466, 467, 468, 469, 470, 473, 474, 475, 476, 477, 478, 479, 480, 481, 482, 483, 484, 485, 486, 487, 488, 490, 491, 492, 493, 494, 495, 496, 497, 503, 524, 525, 526, 527, 528, 529, 530, 534, 535, 536, 537, 538, 539, 564, 565, 566, 573, 574, 575, 577, 578, 579, 580, 589, 590, 591, 592, 599, 600, 601, 602, 605, 606, 609, 610, 611, 612, 613, 616, 617, 618, 619, 623, 624, 625, 626, 649, 650, 651, 652, 653, 655, 656, 657, 658, 659, 663, 678, 679, 680, 695, 696, 697, 698, 707, 708, 709, 710, 714, 723, 724, 725, 734, 735, 736, 749, 751, 760, 761, 763, 765, 766, 767, 768, 769, 770, 771, 772, 773, 774, 783, 784, 785, 786, 787, 788, 796, 797, 798, 800], "summary": {"covered_lines": 141, "num_statements": 141, "percent_covered": 100.0, "percent_covered_display": "100", "missing_lines": 0, "excluded_lines": 0, "num_branches": 72, "num_partial_branches": 0, "covered_branches": 72, "missing_branches": 0}, "missing_lines": [], "excluded_lines": [], "executed_branches": [[467, 468], [467, 800], [468, 469], [468, 470], [473, 474], [473, 475], [475, 476], [475, 477], [478, 479], [478, 480], [480, 481], [480, 482], [487, 488], [487, 490], [490, 491], [490, 577], [493, 494], [493, 496], [527, 528], [535, 536], [535, 538], [565, 566], [565, 577], [577, 578], [577, 600], [579, 580], [579, 592], [600, 601], [600, 650], [602, 467], [602, 605], [610, 611], [610, 613], [617, 618], [617, 623], [625, 467], [625, 626], [650, 651], [650, 656], [651, 467], [651, 652], [652, 653], [652, 655], [656, 657], [656, 761], [658, 659], [658, 696], [659, 663], [659, 680], [696, 697], [696, 735], [697, 698], [697, 709], [709, 467], [709, 710], [710, 714], [710, 725], [735, 736], [735, 751], [761, 763], [761, 765], [765, 766], [765, 769], [769, 467], [769, 770], [771, 772], [771, 773], [773, 774], [773, 786], [786, 787], [786, 797]], "missing_branches": []}, "sse_translate_chat._extract_usage": {"executed_lines": [454, 455, 456, 457, 458, 459, 460, 461, 462, 464], "summary": {"covered_lines": 10, "num_statements": 10, "percent_covered": 100.0, "percent_covered_display": "100", "missing_lines": 0, "excluded_lines": 0, "num_branches": 2, "num_partial_branches": 0, "covered_branches": 2, "missing_branches": 0}, "missing_lines": [], "excluded_lines": [], "executed_branches": [[456, 457], [456, 458]], "missing_branches": []}, "sse_translate_chat._merge_from": {"executed_lines": [507, 508, 509, 510, 511, 512, 513, 514, 515, 516, 517, 518, 519, 520, 521, 522], "summary": {"covered_lines": 16, "num_statements": 16, "percent_covered": 100.0, "percent_covered_display": "100", "missing_lines": 0, "excluded_lines": 0, "num_branches": 20, "num_partial_branches": 0, "covered_branches": 20, "missing_branches": 0}, "missing_lines": [], "excluded_lines": [], "executed_branches": [[507, 508], [507, 510], [508, 507], [508, 509], [510, 511], [510, 512], [512, 513], [512, 514], [514, 515], [514, 517], [515, 514], [515, 516], [517, 518], [517, 520], [518, 517], [518, 519], [520, -503], [520, 521], [521, 520], [521, 522]], "missing_branches": []}, "sse_translate_text": {"executed_lines": [813, 814, 816, 829, 830, 831, 832, 833, 838, 839, 840, 841, 842, 843, 844, 845, 846, 853, 854, 855, 856, 857, 858, 859, 860, 863, 864, 865, 866, 873, 874, 875, 882, 883, 884, 885, 886, 887, 888, 889, 897, 898, 899, 901], "summary": {"covered_lines": 44, "num_statements": 44, "percent_covered": 100.0, "percent_covered_display": "100", "missing_lines": 0, "excluded_lines": 0, "num_branches": 24, "num_partial_branches": 0, "covered_branches": 24, "missing_branches": 0}, "missing_lines": [], "excluded_lines": [], "executed_branches": [[830, 831], [830, 901], [831, 832], [831, 833], [838, 839], [838, 840], [840, 841], [840, 842], [843, 844], [843, 845], [845, 846], [845, 855], [860, 863], [860, 864], [864, 865], [864, 874], [874, 875], [874, 883], [883, 884], [885, 886], [885, 887], [887, 888], [887, 898]], "missing_branches": []}, "sse_translate_text._extract_usage": {"executed_lines": [817, 818, 819, 820, 821, 822, 823, 824, 825, 827], "summary": {"covered_lines": 10, "num_statements": 10, "percent_covered": 100.0, "percent_covered_display": "100", "missing_lines": 0, "excluded_lines": 0, "num_branches": 2, "num_partial_branches": 0, "covered_branches": 2, "missing_branches": 0}, "missing_lines": [], "excluded_lines": [], "executed_branches": [[819, 820], [819, 821]], "missing_branches": []}, "": {"executed_lines": [1, 3, 5, 6, 7, 8, 9, 10, 11, 12, 13, 14, 15, 16, 17, 19, 21, 22, 24, 28, 35, 43, 66, 87, 90, 105, 113, 218, 248, 296, 318, 363, 375, 387, 399, 403, 411, 431, 803], "summary": {"covered_lines": 37, "num_statements": 37, "percent_covered": 100.0, "percent_covered_display": "100", "missing_lines": 0, "excluded_lines": 2, "num_branches": 0, "num_partial_branches": 0, "covered_branches": 0, "missing_branches": 0}, "missing_lines": [], "excluded_lines": [24, 25], "executed_branches": [], "missing_branches": []}}, "classes": {"": {"executed_lines": [1, 3, 5, 6, 7, 8, 9, 10, 11, 12, 13, 14, 15, 16, 17, 19, 21, 22, 24, 28, 30, 31, 32, 35, 37, 38, 39, 40, 43, 45, 51, 52, 53, 54, 55, 56, 57, 58, 59, 60, 62, 63, 66, 68, 69, 70, 71, 72, 73, 74, 75, 76, 77, 78, 79, 80, 81, 82, 84, 87, 90, 92, 93, 94, 95, 96, 97, 98, 99, 100, 102, 105, 107, 108, 109, 110, 113, 118, 119, 120, 121, 122, 123, 124, 125, 126, 127, 128, 129, 130, 131, 133, 134, 136, 138, 140, 141, 142, 143, 144, 146, 147, 148, 149, 150, 151, 152, 153, 154, 155, 156, 157, 158, 159, 166, 167, 168, 169, 170, 171, 172, 173, 174, 175, 176, 177, 178, 179, 188, 189, 190, 191, 192, 193, 194, 195, 196, 197, 198, 199, 200, 201, 202, 203, 204, 207, 208, 209, 211, 212, 213, 214, 215, 218, 220, 221, 222, 223, 224, 225, 226, 227, 228, 229, 230, 231, 232, 233, 234, 235, 236, 245, 248, 250, 251, 252, 254, 255, 256, 257, 258, 259, 261, 262, 263, 264, 265, 266, 267, 268, 269, 271, 272, 273, 274, 275, 276, 277, 278, 279, 281, 282, 283, 285, 287, 288, 290, 291, 292, 293, 296, 297, 298, 300, 301, 302, 303, 304, 305, 306, 307, 308, 309, 311, 312, 313, 314, 315, 318, 319, 326, 327, 328, 329, 330, 332, 333, 334, 336, 337, 338, 339, 340, 342, 343, 344, 345, 346, 347, 349, 350, 355, 363, 366, 367, 368, 369, 370, 371, 372, 375, 376, 377, 378, 379, 380, 381, 382, 383, 384, 387, 388, 389, 390, 391, 392, 393, 394, 395, 396, 399, 400, 403, 405, 406, 407, 408, 411, 413, 414, 415, 416, 417, 418, 419, 420, 421, 422, 423, 425, 426, 428, 431, 442, 443, 444, 445, 446, 447, 448, 449, 450, 451, 453, 454, 455, 456, 457, 458, 459, 460, 461, 462, 464, 466, 467, 468, 469, 470, 473, 474, 475, 476, 477, 478, 479, 480, 481, 482, 483, 484, 485, 486, 487, 488, 490, 491, 492, 493, 494, 495, 496, 497, 503, 507, 508, 509, 510, 511, 512, 513, 514, 515, 516, 517, 518, 519, 520, 521, 522, 524, 525, 526, 527, 528, 529, 530, 534, 535, 536, 537, 538, 539, 564, 565, 566, 573, 574, 575, 577, 578, 579, 580, 589, 590, 591, 592, 599, 600, 601, 602, 605, 606, 609, 610, 611, 612, 613, 616, 617, 618, 619, 623, 624, 625, 626, 649, 650, 651, 652, 653, 655, 656, 657, 658, 659, 663, 678, 679, 680, 695, 696, 697, 698, 707, 708, 709, 710, 714, 723, 724, 725, 734, 735, 736, 749, 751, 760, 761, 763, 765, 766, 767, 768, 769, 770, 771, 772, 773, 774, 783, 784, 785, 786, 787, 788, 796, 797, 798, 800, 803, 813, 814, 816, 817, 818, 819, 820, 821, 822, 823, 824, 825, 827, 829, 830, 831, 832, 833, 838, 839, 840, 841, 842, 843, 844, 845, 846, 853, 854, 855, 856, 857, 858, 859, 860, 863, 864, 865, 866, 873, 874, 875, 882, 883, 884, 885, 886, 887, 888, 889, 897, 898, 899, 901], "summary": {"covered_lines": 523, "num_statements": 523, "percent_covered": 100.0, "percent_covered_display": "100", "missing_lines": 0, "excluded_lines": 2, "num_branches": 246, "num_partial_branches": 0, "covered_branches": 246, "missing_branches": 0}, "missing_lines": [], "excluded_lines": [24, 25], "executed_branches": [[38, 39], [38, 40], [45, 51], [45, 63], [51, 52], [51, 53], [92, 93], [92, 94], [120, 121], [120, 122], [122, 123], [122, 124], [130, 131], [130, 133], [141, 142], [141, 215], [143, 144], [143, 146], [146, 147], [146, 167], [148, 149], [148, 166], [150, 151], [150, 158], [152, 153], [152, 157], [153, 152], [153, 154], [155, 152], [155, 156], [158, 159], [158, 166], [167, 168], [167, 188], [168, 169], [168, 188], [169, 170], [169, 171], [172, 173], [172, 174], [178, 168], [178, 179], [190, 191], [190, 207], [191, 192], [191, 211], [192, 193], [192, 194], [195, 196], [195, 200], [197, 191], [197, 198], [200, 191], [200, 201], [203, 191], [203, 204], [207, 208], [207, 211], [211, 212], [211, 213], [221, 222], [221, 223], [223, 224], [223, 245], [224, 225], [224, 226], [226, 227], [226, 228], [230, 231], [230, 232], [234, 235], [234, 236], [251, 252], [251, 254], [261, 262], [261, 287], [263, 264], [263, 287], [265, 266], [272, 273], [274, 275], [276, 277], [278, 279], [282, 283], [282, 285], [287, 288], [287, 290], [297, 298], [297, 300], [303, 304], [303, 311], [308, 309], [308, 311], [311, 312], [311, 315], [313, 314], [332, 333], [332, 336], [345, 346], [345, 349], [369, 370], [369, 371], [376, 377], [376, 378], [380, 381], [380, 384], [382, 383], [382, 384], [389, 390], [389, 391], [392, 393], [392, 394], [406, 407], [406, 408], [414, 415], [414, 416], [416, 417], [416, 425], [419, 420], [419, 421], [456, 457], [456, 458], [467, 468], [467, 800], [468, 469], [468, 470], [473, 474], [473, 475], [475, 476], [475, 477], [478, 479], [478, 480], [480, 481], [480, 482], [487, 488], [487, 490], [490, 491], [490, 577], [493, 494], [493, 496], [507, 508], [507, 510], [508, 507], [508, 509], [510, 511], [510, 512], [512, 513], [512, 514], [514, 515], [514, 517], [515, 514], [515, 516], [517, 518], [517, 520], [518, 517], [518, 519], [520, -503], [520, 521], [521, 520], [521, 522], [527, 528], [535, 536], [535, 538], [565, 566], [565, 577], [577, 578], [577, 600], [579, 580], [579, 592], [600, 601], [600, 650], [602, 467], [602, 605], [610, 611], [610, 613], [617, 618], [617, 623], [625, 467], [625, 626], [650, 651], [650, 656], [651, 467], [651, 652], [652, 653], [652, 655], [656, 657], [656, 761], [658, 659], [658, 696], [659, 663], [659, 680], [696, 697], [696, 735], [697, 698], [697, 709], [709, 467], [709, 710], [710, 714], [710, 725], [735, 736], [735, 751], [761, 763], [761, 765], [765, 766], [765, 769], [769, 467], [769, 770], [771, 772], [771, 773], [773, 774], [773, 786], [786, 787], [786, 797], [819, 820], [819, 821], [830, 831], [830, 901], [831, 832], [831, 833], [838, 839], [838, 840], [840, 841], [840, 842], [843, 844], [843, 845], [845, 846], [845, 855], [860, 863], [860, 864], [864, 865], [864, 874], [874, 875], [874, 883], [883, 884], [885, 886], [885, 887], [887, 888], [887, 898]], "missing_branches": []}}}}, "totals": {"covered_lines": 2056, "num_statements": 2056, "percent_covered": 100.0, "percent_covered_display": "100", "missing_lines": 0, "excluded_lines": 12, "num_branches": 858, "num_partial_branches": 0, "covered_branches": 858, "missing_branches": 0}}
